[0.737s] Invoking command in '/home/tripan/f1tenthsim_ws/src/stt_control': PYTHONPATH=/home/tripan/f1tenthsim_ws/build/stt_control/prefix_override:/usr/lib/python3/dist-packages/colcon_core/task/python/colcon_distutils_commands:/home/tripan/f1tenthsim_ws/install/stt_control/lib/python3.10/site-packages:${PYTHONPATH} /usr/bin/python3 -W ignore:setup.py install is deprecated -W ignore:easy_install command is deprecated setup.py egg_info --egg-base ../../build/stt_control build --build-base /home/tripan/f1tenthsim_ws/build/stt_control/build install --record /home/tripan/f1tenthsim_ws/build/stt_control/install.log --single-version-externally-managed install_data
[0.946s] running egg_info
[0.947s] creating ../../build/stt_control/stt_control.egg-info
[0.947s] writing ../../build/stt_control/stt_control.egg-info/PKG-INFO
[0.947s] writing dependency_links to ../../build/stt_control/stt_control.egg-info/dependency_links.txt
[0.947s] writing entry points to ../../build/stt_control/stt_control.egg-info/entry_points.txt
[0.947s] writing requirements to ../../build/stt_control/stt_control.egg-info/requires.txt
[0.947s] writing top-level names to ../../build/stt_control/stt_control.egg-info/top_level.txt
[0.948s] writing manifest file '../../build/stt_control/stt_control.egg-info/SOURCES.txt'
[0.949s] reading manifest file '../../build/stt_control/stt_control.egg-info/SOURCES.txt'
[0.949s] writing manifest file '../../build/stt_control/stt_control.egg-info/SOURCES.txt'
[0.949s] running build
[0.949s] running build_py
[0.949s] creating /home/tripan/f1tenthsim_ws/build/stt_control/build
[0.950s] creating /home/tripan/f1tenthsim_ws/build/stt_control/build/lib
[0.950s] creating /home/tripan/f1tenthsim_ws/build/stt_control/build/lib/stt_control
[0.950s] copying stt_control/funnel_drive.py -> /home/tripan/f1tenthsim_ws/build/stt_control/build/lib/stt_control
[0.950s] copying stt_control/__init__.py -> /home/tripan/f1tenthsim_ws/build/stt_control/build/lib/stt_control
[0.950s] running install
[0.950s] running install_lib
[0.950s] creating /home/tripan/f1tenthsim_ws/install/stt_control/lib/python3.10/site-packages/stt_control
[0.950s] copying /home/tripan/f1tenthsim_ws/build/stt_control/build/lib/stt_control/funnel_drive.py -> /home/tripan/f1tenthsim_ws/install/stt_control/lib/python3.10/site-packages/stt_control
[0.951s] copying /home/tripan/f1tenthsim_ws/build/stt_control/build/lib/stt_control/__init__.py -> /home/tripan/f1tenthsim_ws/install/stt_control/lib/python3.10/site-packages/stt_control
[0.951s] byte-compiling /home/tripan/f1tenthsim_ws/install/stt_control/lib/python3.10/site-packages/stt_control/funnel_drive.py to funnel_drive.cpython-310.pyc
[0.952s] byte-compiling /home/tripan/f1tenthsim_ws/install/stt_control/lib/python3.10/site-packages/stt_control/__init__.py to __init__.cpython-310.pyc
[0.952s] running install_data
[0.952s] creating /home/tripan/f1tenthsim_ws/install/stt_control/share/ament_index
[0.952s] creating /home/tripan/f1tenthsim_ws/install/stt_control/share/ament_index/resource_index
[0.952s] creating /home/tripan/f1tenthsim_ws/install/stt_control/share/ament_index/resource_index/packages
[0.952s] copying resource/stt_control -> /home/tripan/f1tenthsim_ws/install/stt_control/share/ament_index/resource_index/packages
[0.952s] copying package.xml -> /home/tripan/f1tenthsim_ws/install/stt_control/share/stt_control
[0.952s] running install_egg_info
[0.954s] Copying ../../build/stt_control/stt_control.egg-info to /home/tripan/f1tenthsim_ws/install/stt_control/lib/python3.10/site-packages/stt_control-0.0.0-py3.10.egg-info
[0.954s] running install_scripts
[0.970s] Installing funnel_drive script to /home/tripan/f1tenthsim_ws/install/stt_control/lib/stt_control
[0.970s] writing list of installed files to '/home/tripan/f1tenthsim_ws/build/stt_control/install.log'
[0.991s] Invoked command in '/home/tripan/f1tenthsim_ws/src/stt_control' returned '0': PYTHONPATH=/home/tripan/f1tenthsim_ws/build/stt_control/prefix_override:/usr/lib/python3/dist-packages/colcon_core/task/python/colcon_distutils_commands:/home/tripan/f1tenthsim_ws/install/stt_control/lib/python3.10/site-packages:${PYTHONPATH} /usr/bin/python3 -W ignore:setup.py install is deprecated -W ignore:easy_install command is deprecated setup.py egg_info --egg-base ../../build/stt_control build --build-base /home/tripan/f1tenthsim_ws/build/stt_control/build install --record /home/tripan/f1tenthsim_ws/build/stt_control/install.log --single-version-externally-managed install_data
