[2.162s] Invoking command in '/home/tripan/f1tenthsim_ws/src/stt_control': PYTHONPATH=/home/tripan/f1tenthsim_ws/build/stt_control/prefix_override:/usr/lib/python3/dist-packages/colcon_core/task/python/colcon_distutils_commands:/home/tripan/f1tenthsim_ws/install/stt_control/lib/python3.10/site-packages:${PYTHONPATH} /usr/bin/python3 -W ignore:setup.py install is deprecated -W ignore:easy_install command is deprecated setup.py egg_info --egg-base ../../build/stt_control build --build-base /home/tripan/f1tenthsim_ws/build/stt_control/build install --record /home/tripan/f1tenthsim_ws/build/stt_control/install.log --single-version-externally-managed install_data
[2.778s] running egg_info
[2.780s] writing ../../build/stt_control/stt_control.egg-info/PKG-INFO
[2.780s] writing dependency_links to ../../build/stt_control/stt_control.egg-info/dependency_links.txt
[2.781s] writing entry points to ../../build/stt_control/stt_control.egg-info/entry_points.txt
[2.781s] writing requirements to ../../build/stt_control/stt_control.egg-info/requires.txt
[2.785s] writing top-level names to ../../build/stt_control/stt_control.egg-info/top_level.txt
[2.786s] reading manifest file '../../build/stt_control/stt_control.egg-info/SOURCES.txt'
[2.788s] writing manifest file '../../build/stt_control/stt_control.egg-info/SOURCES.txt'
[2.788s] running build
[2.788s] running build_py
[2.788s] copying stt_control/funnel_drive.py -> /home/tripan/f1tenthsim_ws/build/stt_control/build/lib/stt_control
[2.790s] running install
[2.790s] running install_lib
[2.791s] copying /home/tripan/f1tenthsim_ws/build/stt_control/build/lib/stt_control/funnel_drive.py -> /home/tripan/f1tenthsim_ws/install/stt_control/lib/python3.10/site-packages/stt_control
[2.793s] byte-compiling /home/tripan/f1tenthsim_ws/install/stt_control/lib/python3.10/site-packages/stt_control/funnel_drive.py to funnel_drive.cpython-310.pyc
[2.798s] running install_data
[2.798s] running install_egg_info
[2.802s] removing '/home/tripan/f1tenthsim_ws/install/stt_control/lib/python3.10/site-packages/stt_control-0.0.0-py3.10.egg-info' (and everything under it)
[2.803s] Copying ../../build/stt_control/stt_control.egg-info to /home/tripan/f1tenthsim_ws/install/stt_control/lib/python3.10/site-packages/stt_control-0.0.0-py3.10.egg-info
[2.805s] running install_scripts
[2.847s] Installing funnel_drive script to /home/tripan/f1tenthsim_ws/install/stt_control/lib/stt_control
[2.848s] writing list of installed files to '/home/tripan/f1tenthsim_ws/build/stt_control/install.log'
[2.923s] Invoked command in '/home/tripan/f1tenthsim_ws/src/stt_control' returned '0': PYTHONPATH=/home/tripan/f1tenthsim_ws/build/stt_control/prefix_override:/usr/lib/python3/dist-packages/colcon_core/task/python/colcon_distutils_commands:/home/tripan/f1tenthsim_ws/install/stt_control/lib/python3.10/site-packages:${PYTHONPATH} /usr/bin/python3 -W ignore:setup.py install is deprecated -W ignore:easy_install command is deprecated setup.py egg_info --egg-base ../../build/stt_control build --build-base /home/tripan/f1tenthsim_ws/build/stt_control/build install --record /home/tripan/f1tenthsim_ws/build/stt_control/install.log --single-version-externally-managed install_data
