[0.692s] Invoking command in '/home/tripan/f1tenthsim_ws/f1tenth/src/f1tenth_gym_ros': PYTHONPATH=/home/tripan/f1tenthsim_ws/f1tenth/build/f1tenth_gym_ros/prefix_override:/usr/lib/python3/dist-packages/colcon_core/task/python/colcon_distutils_commands:/home/tripan/f1tenthsim_ws/f1tenth/install/f1tenth_gym_ros/lib/python3.10/site-packages:${PYTHONPATH} /usr/bin/python3 -W ignore:setup.py install is deprecated -W ignore:easy_install command is deprecated setup.py egg_info --egg-base ../../build/f1tenth_gym_ros build --build-base /home/tripan/f1tenthsim_ws/f1tenth/build/f1tenth_gym_ros/build install --record /home/tripan/f1tenthsim_ws/f1tenth/build/f1tenth_gym_ros/install.log --single-version-externally-managed install_data
[0.884s] running egg_info
[0.884s] writing ../../build/f1tenth_gym_ros/f1tenth_gym_ros.egg-info/PKG-INFO
[0.884s] writing dependency_links to ../../build/f1tenth_gym_ros/f1tenth_gym_ros.egg-info/dependency_links.txt
[0.884s] writing entry points to ../../build/f1tenth_gym_ros/f1tenth_gym_ros.egg-info/entry_points.txt
[0.884s] writing requirements to ../../build/f1tenth_gym_ros/f1tenth_gym_ros.egg-info/requires.txt
[0.885s] writing top-level names to ../../build/f1tenth_gym_ros/f1tenth_gym_ros.egg-info/top_level.txt
[0.886s] reading manifest file '../../build/f1tenth_gym_ros/f1tenth_gym_ros.egg-info/SOURCES.txt'
[0.886s] adding license file 'LICENSE'
[0.886s] writing manifest file '../../build/f1tenth_gym_ros/f1tenth_gym_ros.egg-info/SOURCES.txt'
[0.886s] running build
[0.886s] running build_py
[0.886s] copying f1tenth_gym_ros/gym_bridge.py -> /home/tripan/f1tenthsim_ws/f1tenth/build/f1tenth_gym_ros/build/lib/f1tenth_gym_ros
[0.887s] copying f1tenth_gym_ros/__init__.py -> /home/tripan/f1tenthsim_ws/f1tenth/build/f1tenth_gym_ros/build/lib/f1tenth_gym_ros
[0.887s] running install
[0.887s] running install_lib
[0.887s] copying /home/tripan/f1tenthsim_ws/f1tenth/build/f1tenth_gym_ros/build/lib/f1tenth_gym_ros/gym_bridge.py -> /home/tripan/f1tenthsim_ws/f1tenth/install/f1tenth_gym_ros/lib/python3.10/site-packages/f1tenth_gym_ros
[0.888s] copying /home/tripan/f1tenthsim_ws/f1tenth/build/f1tenth_gym_ros/build/lib/f1tenth_gym_ros/__init__.py -> /home/tripan/f1tenthsim_ws/f1tenth/install/f1tenth_gym_ros/lib/python3.10/site-packages/f1tenth_gym_ros
[0.888s] byte-compiling /home/tripan/f1tenthsim_ws/f1tenth/install/f1tenth_gym_ros/lib/python3.10/site-packages/f1tenth_gym_ros/gym_bridge.py to gym_bridge.cpython-310.pyc
[0.890s] byte-compiling /home/tripan/f1tenthsim_ws/f1tenth/install/f1tenth_gym_ros/lib/python3.10/site-packages/f1tenth_gym_ros/__init__.py to __init__.cpython-310.pyc
[0.890s] running install_data
[0.890s] copying resource/f1tenth_gym_ros -> /home/tripan/f1tenthsim_ws/f1tenth/install/f1tenth_gym_ros/share/ament_index/resource_index/packages
[0.890s] copying package.xml -> /home/tripan/f1tenthsim_ws/f1tenth/install/f1tenth_gym_ros/share/f1tenth_gym_ros
[0.890s] copying launch/gym_bridge_launch.py -> /home/tripan/f1tenthsim_ws/f1tenth/install/f1tenth_gym_ros/share/f1tenth_gym_ros/launch
[0.891s] copying launch/ego_racecar.xacro -> /home/tripan/f1tenthsim_ws/f1tenth/install/f1tenth_gym_ros/share/f1tenth_gym_ros/launch
[0.891s] copying launch/opp_racecar.xacro -> /home/tripan/f1tenthsim_ws/f1tenth/install/f1tenth_gym_ros/share/f1tenth_gym_ros/launch
[0.891s] copying launch/gym_bridge.rviz -> /home/tripan/f1tenthsim_ws/f1tenth/install/f1tenth_gym_ros/share/f1tenth_gym_ros/launch
[0.891s] copying config/sim.yaml -> /home/tripan/f1tenthsim_ws/f1tenth/install/f1tenth_gym_ros/share/f1tenth_gym_ros/config
[0.891s] running install_egg_info
[0.892s] removing '/home/tripan/f1tenthsim_ws/f1tenth/install/f1tenth_gym_ros/lib/python3.10/site-packages/f1tenth_gym_ros-0.0.0-py3.10.egg-info' (and everything under it)
[0.892s] Copying ../../build/f1tenth_gym_ros/f1tenth_gym_ros.egg-info to /home/tripan/f1tenthsim_ws/f1tenth/install/f1tenth_gym_ros/lib/python3.10/site-packages/f1tenth_gym_ros-0.0.0-py3.10.egg-info
[0.893s] running install_scripts
[0.907s] Installing gym_bridge script to /home/tripan/f1tenthsim_ws/f1tenth/install/f1tenth_gym_ros/lib/f1tenth_gym_ros
[0.907s] writing list of installed files to '/home/tripan/f1tenthsim_ws/f1tenth/build/f1tenth_gym_ros/install.log'
[0.927s] Invoked command in '/home/tripan/f1tenthsim_ws/f1tenth/src/f1tenth_gym_ros' returned '0': PYTHONPATH=/home/tripan/f1tenthsim_ws/f1tenth/build/f1tenth_gym_ros/prefix_override:/usr/lib/python3/dist-packages/colcon_core/task/python/colcon_distutils_commands:/home/tripan/f1tenthsim_ws/f1tenth/install/f1tenth_gym_ros/lib/python3.10/site-packages:${PYTHONPATH} /usr/bin/python3 -W ignore:setup.py install is deprecated -W ignore:easy_install command is deprecated setup.py egg_info --egg-base ../../build/f1tenth_gym_ros build --build-base /home/tripan/f1tenthsim_ws/f1tenth/build/f1tenth_gym_ros/build install --record /home/tripan/f1tenthsim_ws/f1tenth/build/f1tenth_gym_ros/install.log --single-version-externally-managed install_data
