[0.113s] DEBUG:colcon:Command line arguments: ['/usr/bin/colcon', 'build']
[0.113s] DEBUG:colcon:Parsed command line arguments: Namespace(log_base=None, log_level=None, verb_name='build', build_base='build', install_base='install', merge_install=False, symlink_install=False, test_result_base=None, continue_on_error=False, executor='parallel', parallel_workers=16, event_handlers=None, ignore_user_meta=False, metas=['./colcon.meta'], base_paths=['.'], packages_ignore=None, packages_ignore_regex=None, paths=None, packages_up_to=None, packages_up_to_regex=None, packages_above=None, packages_above_and_dependencies=None, packages_above_depth=None, packages_select_by_dep=None, packages_skip_by_dep=None, packages_skip_up_to=None, packages_select_build_failed=False, packages_skip_build_finished=False, packages_select_test_failures=False, packages_skip_test_passed=False, packages_select=None, packages_skip=None, packages_select_regex=None, packages_skip_regex=None, packages_start=None, packages_end=None, allow_overriding=[], cmake_args=None, cmake_target=None, cmake_target_skip_unavailable=False, cmake_clean_cache=False, cmake_clean_first=False, cmake_force_configure=False, ament_cmake_args=None, catkin_cmake_args=None, catkin_skip_building_tests=False, verb_parser=<colcon_defaults.argument_parser.defaults.DefaultArgumentsDecorator object at 0x79088f23d150>, verb_extension=<colcon_core.verb.build.BuildVerb object at 0x79088f3b5ed0>, main=<bound method BuildVerb.main of <colcon_core.verb.build.BuildVerb object at 0x79088f3b5ed0>>)
[0.332s] Level 1:colcon.colcon_core.package_discovery:discover_packages(colcon_meta) check parameters
[0.332s] Level 1:colcon.colcon_core.package_discovery:discover_packages(recursive) check parameters
[0.332s] Level 1:colcon.colcon_core.package_discovery:discover_packages(ignore) check parameters
[0.332s] Level 1:colcon.colcon_core.package_discovery:discover_packages(path) check parameters
[0.332s] Level 1:colcon.colcon_core.package_discovery:discover_packages(colcon_meta) discover
[0.332s] Level 1:colcon.colcon_core.package_discovery:discover_packages(recursive) discover
[0.332s] INFO:colcon.colcon_core.package_discovery:Crawling recursively for packages in '/home/tripan/f1tenthsim_ws'
[0.332s] Level 1:colcon.colcon_core.package_identification:_identify(.) by extensions ['ignore', 'ignore_ament_install']
[0.332s] Level 1:colcon.colcon_core.package_identification:_identify(.) by extension 'ignore'
[0.332s] Level 1:colcon.colcon_core.package_identification:_identify(.) by extension 'ignore_ament_install'
[0.332s] Level 1:colcon.colcon_core.package_identification:_identify(.) by extensions ['colcon_pkg']
[0.332s] Level 1:colcon.colcon_core.package_identification:_identify(.) by extension 'colcon_pkg'
[0.333s] Level 1:colcon.colcon_core.package_identification:_identify(.) by extensions ['colcon_meta']
[0.333s] Level 1:colcon.colcon_core.package_identification:_identify(.) by extension 'colcon_meta'
[0.333s] Level 1:colcon.colcon_core.package_identification:_identify(.) by extensions ['ros']
[0.333s] Level 1:colcon.colcon_core.package_identification:_identify(.) by extension 'ros'
[0.344s] Level 1:colcon.colcon_core.package_identification:_identify(.) by extensions ['cmake', 'python']
[0.344s] Level 1:colcon.colcon_core.package_identification:_identify(.) by extension 'cmake'
[0.344s] Level 1:colcon.colcon_core.package_identification:_identify(.) by extension 'python'
[0.344s] Level 1:colcon.colcon_core.package_identification:_identify(.) by extensions ['python_setup_py']
[0.344s] Level 1:colcon.colcon_core.package_identification:_identify(.) by extension 'python_setup_py'
[0.345s] Level 1:colcon.colcon_core.package_identification:_identify(build) by extensions ['ignore', 'ignore_ament_install']
[0.345s] Level 1:colcon.colcon_core.package_identification:_identify(build) by extension 'ignore'
[0.345s] Level 1:colcon.colcon_core.package_identification:_identify(build) ignored
[0.345s] Level 1:colcon.colcon_core.package_identification:_identify(install) by extensions ['ignore', 'ignore_ament_install']
[0.345s] Level 1:colcon.colcon_core.package_identification:_identify(install) by extension 'ignore'
[0.345s] Level 1:colcon.colcon_core.package_identification:_identify(install) ignored
[0.345s] Level 1:colcon.colcon_core.package_identification:_identify(log) by extensions ['ignore', 'ignore_ament_install']
[0.345s] Level 1:colcon.colcon_core.package_identification:_identify(log) by extension 'ignore'
[0.345s] Level 1:colcon.colcon_core.package_identification:_identify(log) ignored
[0.345s] Level 1:colcon.colcon_core.package_identification:_identify(src) by extensions ['ignore', 'ignore_ament_install']
[0.345s] Level 1:colcon.colcon_core.package_identification:_identify(src) by extension 'ignore'
[0.346s] Level 1:colcon.colcon_core.package_identification:_identify(src) by extension 'ignore_ament_install'
[0.346s] Level 1:colcon.colcon_core.package_identification:_identify(src) by extensions ['colcon_pkg']
[0.346s] Level 1:colcon.colcon_core.package_identification:_identify(src) by extension 'colcon_pkg'
[0.346s] Level 1:colcon.colcon_core.package_identification:_identify(src) by extensions ['colcon_meta']
[0.346s] Level 1:colcon.colcon_core.package_identification:_identify(src) by extension 'colcon_meta'
[0.346s] Level 1:colcon.colcon_core.package_identification:_identify(src) by extensions ['ros']
[0.346s] Level 1:colcon.colcon_core.package_identification:_identify(src) by extension 'ros'
[0.346s] Level 1:colcon.colcon_core.package_identification:_identify(src) by extensions ['cmake', 'python']
[0.346s] Level 1:colcon.colcon_core.package_identification:_identify(src) by extension 'cmake'
[0.346s] Level 1:colcon.colcon_core.package_identification:_identify(src) by extension 'python'
[0.346s] Level 1:colcon.colcon_core.package_identification:_identify(src) by extensions ['python_setup_py']
[0.346s] Level 1:colcon.colcon_core.package_identification:_identify(src) by extension 'python_setup_py'
[0.346s] Level 1:colcon.colcon_core.package_identification:_identify(src/f1tenth_gym_ros) by extensions ['ignore', 'ignore_ament_install']
[0.346s] Level 1:colcon.colcon_core.package_identification:_identify(src/f1tenth_gym_ros) by extension 'ignore'
[0.346s] Level 1:colcon.colcon_core.package_identification:_identify(src/f1tenth_gym_ros) by extension 'ignore_ament_install'
[0.346s] Level 1:colcon.colcon_core.package_identification:_identify(src/f1tenth_gym_ros) by extensions ['colcon_pkg']
[0.346s] Level 1:colcon.colcon_core.package_identification:_identify(src/f1tenth_gym_ros) by extension 'colcon_pkg'
[0.346s] Level 1:colcon.colcon_core.package_identification:_identify(src/f1tenth_gym_ros) by extensions ['colcon_meta']
[0.347s] Level 1:colcon.colcon_core.package_identification:_identify(src/f1tenth_gym_ros) by extension 'colcon_meta'
[0.347s] Level 1:colcon.colcon_core.package_identification:_identify(src/f1tenth_gym_ros) by extensions ['ros']
[0.347s] Level 1:colcon.colcon_core.package_identification:_identify(src/f1tenth_gym_ros) by extension 'ros'
[0.350s] DEBUG:colcon.colcon_core.package_identification:Package 'src/f1tenth_gym_ros' with type 'ros.ament_python' and name 'f1tenth_gym_ros'
[0.350s] Level 1:colcon.colcon_core.package_identification:_identify(src/stt_control) by extensions ['ignore', 'ignore_ament_install']
[0.350s] Level 1:colcon.colcon_core.package_identification:_identify(src/stt_control) by extension 'ignore'
[0.350s] Level 1:colcon.colcon_core.package_identification:_identify(src/stt_control) by extension 'ignore_ament_install'
[0.350s] Level 1:colcon.colcon_core.package_identification:_identify(src/stt_control) by extensions ['colcon_pkg']
[0.350s] Level 1:colcon.colcon_core.package_identification:_identify(src/stt_control) by extension 'colcon_pkg'
[0.350s] Level 1:colcon.colcon_core.package_identification:_identify(src/stt_control) by extensions ['colcon_meta']
[0.350s] Level 1:colcon.colcon_core.package_identification:_identify(src/stt_control) by extension 'colcon_meta'
[0.351s] Level 1:colcon.colcon_core.package_identification:_identify(src/stt_control) by extensions ['ros']
[0.351s] Level 1:colcon.colcon_core.package_identification:_identify(src/stt_control) by extension 'ros'
[0.352s] DEBUG:colcon.colcon_core.package_identification:Package 'src/stt_control' with type 'ros.ament_python' and name 'stt_control'
[0.352s] Level 1:colcon.colcon_core.package_discovery:discover_packages(recursive) using defaults
[0.352s] Level 1:colcon.colcon_core.package_discovery:discover_packages(ignore) discover
[0.352s] Level 1:colcon.colcon_core.package_discovery:discover_packages(ignore) using defaults
[0.352s] Level 1:colcon.colcon_core.package_discovery:discover_packages(path) discover
[0.352s] Level 1:colcon.colcon_core.package_discovery:discover_packages(path) using defaults
[0.388s] Level 1:colcon.colcon_core.package_discovery:discover_packages(prefix_path) check parameters
[0.388s] Level 1:colcon.colcon_core.package_discovery:discover_packages(prefix_path) discover
[0.390s] DEBUG:colcon.colcon_installed_package_information.package_discovery:Found 291 installed packages in /opt/ros/humble
[0.392s] Level 1:colcon.colcon_core.package_discovery:discover_packages(prefix_path) using defaults
[0.433s] Level 5:colcon.colcon_core.verb:set package 'f1tenth_gym_ros' build argument 'cmake_args' from command line to 'None'
[0.433s] Level 5:colcon.colcon_core.verb:set package 'f1tenth_gym_ros' build argument 'cmake_target' from command line to 'None'
[0.433s] Level 5:colcon.colcon_core.verb:set package 'f1tenth_gym_ros' build argument 'cmake_target_skip_unavailable' from command line to 'False'
[0.433s] Level 5:colcon.colcon_core.verb:set package 'f1tenth_gym_ros' build argument 'cmake_clean_cache' from command line to 'False'
[0.433s] Level 5:colcon.colcon_core.verb:set package 'f1tenth_gym_ros' build argument 'cmake_clean_first' from command line to 'False'
[0.433s] Level 5:colcon.colcon_core.verb:set package 'f1tenth_gym_ros' build argument 'cmake_force_configure' from command line to 'False'
[0.433s] Level 5:colcon.colcon_core.verb:set package 'f1tenth_gym_ros' build argument 'ament_cmake_args' from command line to 'None'
[0.433s] Level 5:colcon.colcon_core.verb:set package 'f1tenth_gym_ros' build argument 'catkin_cmake_args' from command line to 'None'
[0.433s] Level 5:colcon.colcon_core.verb:set package 'f1tenth_gym_ros' build argument 'catkin_skip_building_tests' from command line to 'False'
[0.434s] DEBUG:colcon.colcon_core.verb:Building package 'f1tenth_gym_ros' with the following arguments: {'ament_cmake_args': None, 'build_base': '/home/tripan/f1tenthsim_ws/build/f1tenth_gym_ros', 'catkin_cmake_args': None, 'catkin_skip_building_tests': False, 'cmake_args': None, 'cmake_clean_cache': False, 'cmake_clean_first': False, 'cmake_force_configure': False, 'cmake_target': None, 'cmake_target_skip_unavailable': False, 'install_base': '/home/tripan/f1tenthsim_ws/install/f1tenth_gym_ros', 'merge_install': False, 'path': '/home/tripan/f1tenthsim_ws/src/f1tenth_gym_ros', 'symlink_install': False, 'test_result_base': None}
[0.434s] Level 5:colcon.colcon_core.verb:set package 'stt_control' build argument 'cmake_args' from command line to 'None'
[0.434s] Level 5:colcon.colcon_core.verb:set package 'stt_control' build argument 'cmake_target' from command line to 'None'
[0.434s] Level 5:colcon.colcon_core.verb:set package 'stt_control' build argument 'cmake_target_skip_unavailable' from command line to 'False'
[0.434s] Level 5:colcon.colcon_core.verb:set package 'stt_control' build argument 'cmake_clean_cache' from command line to 'False'
[0.434s] Level 5:colcon.colcon_core.verb:set package 'stt_control' build argument 'cmake_clean_first' from command line to 'False'
[0.434s] Level 5:colcon.colcon_core.verb:set package 'stt_control' build argument 'cmake_force_configure' from command line to 'False'
[0.434s] Level 5:colcon.colcon_core.verb:set package 'stt_control' build argument 'ament_cmake_args' from command line to 'None'
[0.434s] Level 5:colcon.colcon_core.verb:set package 'stt_control' build argument 'catkin_cmake_args' from command line to 'None'
[0.434s] Level 5:colcon.colcon_core.verb:set package 'stt_control' build argument 'catkin_skip_building_tests' from command line to 'False'
[0.434s] DEBUG:colcon.colcon_core.verb:Building package 'stt_control' with the following arguments: {'ament_cmake_args': None, 'build_base': '/home/tripan/f1tenthsim_ws/build/stt_control', 'catkin_cmake_args': None, 'catkin_skip_building_tests': False, 'cmake_args': None, 'cmake_clean_cache': False, 'cmake_clean_first': False, 'cmake_force_configure': False, 'cmake_target': None, 'cmake_target_skip_unavailable': False, 'install_base': '/home/tripan/f1tenthsim_ws/install/stt_control', 'merge_install': False, 'path': '/home/tripan/f1tenthsim_ws/src/stt_control', 'symlink_install': False, 'test_result_base': None}
[0.434s] INFO:colcon.colcon_core.executor:Executing jobs using 'parallel' executor
[0.436s] DEBUG:colcon.colcon_parallel_executor.executor.parallel:run_until_complete
[0.436s] INFO:colcon.colcon_ros.task.ament_python.build:Building ROS package in '/home/tripan/f1tenthsim_ws/src/f1tenth_gym_ros' with build type 'ament_python'
[0.436s] Level 1:colcon.colcon_core.shell:create_environment_hook('f1tenth_gym_ros', 'ament_prefix_path')
[0.438s] INFO:colcon.colcon_core.plugin_system:Skipping extension 'colcon_core.shell.bat': Not used on non-Windows systems
[0.439s] INFO:colcon.colcon_core.shell:Creating environment hook '/home/tripan/f1tenthsim_ws/install/f1tenth_gym_ros/share/f1tenth_gym_ros/hook/ament_prefix_path.ps1'
[0.439s] INFO:colcon.colcon_core.shell:Creating environment descriptor '/home/tripan/f1tenthsim_ws/install/f1tenth_gym_ros/share/f1tenth_gym_ros/hook/ament_prefix_path.dsv'
[0.440s] INFO:colcon.colcon_core.shell:Creating environment hook '/home/tripan/f1tenthsim_ws/install/f1tenth_gym_ros/share/f1tenth_gym_ros/hook/ament_prefix_path.sh'
[0.441s] INFO:colcon.colcon_core.shell:Skip shell extension 'powershell' for command environment: Not usable outside of PowerShell
[0.441s] DEBUG:colcon.colcon_core.shell:Skip shell extension 'dsv' for command environment
[0.444s] INFO:colcon.colcon_ros.task.ament_python.build:Building ROS package in '/home/tripan/f1tenthsim_ws/src/stt_control' with build type 'ament_python'
[0.444s] Level 1:colcon.colcon_core.shell:create_environment_hook('stt_control', 'ament_prefix_path')
[0.445s] INFO:colcon.colcon_core.shell:Creating environment hook '/home/tripan/f1tenthsim_ws/install/stt_control/share/stt_control/hook/ament_prefix_path.ps1'
[0.445s] INFO:colcon.colcon_core.shell:Creating environment descriptor '/home/tripan/f1tenthsim_ws/install/stt_control/share/stt_control/hook/ament_prefix_path.dsv'
[0.446s] INFO:colcon.colcon_core.shell:Creating environment hook '/home/tripan/f1tenthsim_ws/install/stt_control/share/stt_control/hook/ament_prefix_path.sh'
[0.446s] INFO:colcon.colcon_core.shell:Skip shell extension 'powershell' for command environment: Not usable outside of PowerShell
[0.446s] DEBUG:colcon.colcon_core.shell:Skip shell extension 'dsv' for command environment
[0.783s] INFO:colcon.colcon_core.task.python.build:Building Python package in '/home/tripan/f1tenthsim_ws/src/f1tenth_gym_ros'
[0.784s] INFO:colcon.colcon_core.shell:Skip shell extension 'powershell' for command environment: Not usable outside of PowerShell
[0.784s] DEBUG:colcon.colcon_core.shell:Skip shell extension 'dsv' for command environment
[1.099s] INFO:colcon.colcon_core.task.python.build:Building Python package in '/home/tripan/f1tenthsim_ws/src/stt_control'
[1.100s] INFO:colcon.colcon_core.shell:Skip shell extension 'powershell' for command environment: Not usable outside of PowerShell
[1.100s] DEBUG:colcon.colcon_core.shell:Skip shell extension 'dsv' for command environment
[1.516s] DEBUG:colcon.colcon_core.event_handler.log_command:Invoking command in '/home/tripan/f1tenthsim_ws/src/stt_control': PYTHONPATH=/home/tripan/f1tenthsim_ws/build/stt_control/prefix_override:/usr/lib/python3/dist-packages/colcon_core/task/python/colcon_distutils_commands:/home/tripan/f1tenthsim_ws/install/stt_control/lib/python3.10/site-packages:${PYTHONPATH} /usr/bin/python3 -W ignore:setup.py install is deprecated -W ignore:easy_install command is deprecated setup.py egg_info --egg-base ../../build/stt_control build --build-base /home/tripan/f1tenthsim_ws/build/stt_control/build install --record /home/tripan/f1tenthsim_ws/build/stt_control/install.log --single-version-externally-managed install_data
[1.525s] DEBUG:colcon.colcon_core.event_handler.log_command:Invoking command in '/home/tripan/f1tenthsim_ws/src/f1tenth_gym_ros': PYTHONPATH=/home/tripan/f1tenthsim_ws/build/f1tenth_gym_ros/prefix_override:/usr/lib/python3/dist-packages/colcon_core/task/python/colcon_distutils_commands:/home/tripan/f1tenthsim_ws/install/f1tenth_gym_ros/lib/python3.10/site-packages:${PYTHONPATH} /usr/bin/python3 -W ignore:setup.py install is deprecated -W ignore:easy_install command is deprecated setup.py egg_info --egg-base ../../build/f1tenth_gym_ros build --build-base /home/tripan/f1tenthsim_ws/build/f1tenth_gym_ros/build install --record /home/tripan/f1tenthsim_ws/build/f1tenth_gym_ros/install.log --single-version-externally-managed install_data
[1.901s] DEBUG:colcon.colcon_core.event_handler.log_command:Invoked command in '/home/tripan/f1tenthsim_ws/src/stt_control' returned '0': PYTHONPATH=/home/tripan/f1tenthsim_ws/build/stt_control/prefix_override:/usr/lib/python3/dist-packages/colcon_core/task/python/colcon_distutils_commands:/home/tripan/f1tenthsim_ws/install/stt_control/lib/python3.10/site-packages:${PYTHONPATH} /usr/bin/python3 -W ignore:setup.py install is deprecated -W ignore:easy_install command is deprecated setup.py egg_info --egg-base ../../build/stt_control build --build-base /home/tripan/f1tenthsim_ws/build/stt_control/build install --record /home/tripan/f1tenthsim_ws/build/stt_control/install.log --single-version-externally-managed install_data
[1.904s] Level 1:colcon.colcon_core.environment:checking '/home/tripan/f1tenthsim_ws/install/stt_control' for CMake module files
[1.904s] Level 1:colcon.colcon_core.environment:checking '/home/tripan/f1tenthsim_ws/install/stt_control' for CMake config files
[1.905s] Level 1:colcon.colcon_core.environment:checking '/home/tripan/f1tenthsim_ws/install/stt_control/lib'
[1.906s] Level 1:colcon.colcon_core.environment:checking '/home/tripan/f1tenthsim_ws/install/stt_control/bin'
[1.906s] Level 1:colcon.colcon_core.environment:checking '/home/tripan/f1tenthsim_ws/install/stt_control/lib/pkgconfig/stt_control.pc'
[1.906s] Level 1:colcon.colcon_core.environment:checking '/home/tripan/f1tenthsim_ws/install/stt_control/lib/python3.10/site-packages'
[1.906s] Level 1:colcon.colcon_core.shell:create_environment_hook('stt_control', 'pythonpath')
[1.906s] INFO:colcon.colcon_core.shell:Creating environment hook '/home/tripan/f1tenthsim_ws/install/stt_control/share/stt_control/hook/pythonpath.ps1'
[1.907s] INFO:colcon.colcon_core.shell:Creating environment descriptor '/home/tripan/f1tenthsim_ws/install/stt_control/share/stt_control/hook/pythonpath.dsv'
[1.907s] INFO:colcon.colcon_core.shell:Creating environment hook '/home/tripan/f1tenthsim_ws/install/stt_control/share/stt_control/hook/pythonpath.sh'
[1.908s] Level 1:colcon.colcon_core.environment:checking '/home/tripan/f1tenthsim_ws/install/stt_control/bin'
[1.908s] Level 1:colcon.colcon_core.environment:create_environment_scripts_only(stt_control)
[1.908s] INFO:colcon.colcon_core.shell:Creating package script '/home/tripan/f1tenthsim_ws/install/stt_control/share/stt_control/package.ps1'
[1.909s] INFO:colcon.colcon_core.shell:Creating package descriptor '/home/tripan/f1tenthsim_ws/install/stt_control/share/stt_control/package.dsv'
[1.910s] INFO:colcon.colcon_core.shell:Creating package script '/home/tripan/f1tenthsim_ws/install/stt_control/share/stt_control/package.sh'
[1.911s] INFO:colcon.colcon_core.shell:Creating package script '/home/tripan/f1tenthsim_ws/install/stt_control/share/stt_control/package.bash'
[1.911s] INFO:colcon.colcon_core.shell:Creating package script '/home/tripan/f1tenthsim_ws/install/stt_control/share/stt_control/package.zsh'
[1.912s] Level 1:colcon.colcon_core.environment:create_file_with_runtime_dependencies(/home/tripan/f1tenthsim_ws/install/stt_control/share/colcon-core/packages/stt_control)
[1.914s] Level 1:colcon.colcon_core.environment:checking '/home/tripan/f1tenthsim_ws/install/f1tenth_gym_ros' for CMake module files
[1.915s] DEBUG:colcon.colcon_core.event_handler.log_command:Invoked command in '/home/tripan/f1tenthsim_ws/src/f1tenth_gym_ros' returned '0': PYTHONPATH=/home/tripan/f1tenthsim_ws/build/f1tenth_gym_ros/prefix_override:/usr/lib/python3/dist-packages/colcon_core/task/python/colcon_distutils_commands:/home/tripan/f1tenthsim_ws/install/f1tenth_gym_ros/lib/python3.10/site-packages:${PYTHONPATH} /usr/bin/python3 -W ignore:setup.py install is deprecated -W ignore:easy_install command is deprecated setup.py egg_info --egg-base ../../build/f1tenth_gym_ros build --build-base /home/tripan/f1tenthsim_ws/build/f1tenth_gym_ros/build install --record /home/tripan/f1tenthsim_ws/build/f1tenth_gym_ros/install.log --single-version-externally-managed install_data
[1.915s] Level 1:colcon.colcon_core.environment:checking '/home/tripan/f1tenthsim_ws/install/f1tenth_gym_ros' for CMake config files
[1.916s] Level 1:colcon.colcon_core.environment:checking '/home/tripan/f1tenthsim_ws/install/f1tenth_gym_ros/lib'
[1.916s] Level 1:colcon.colcon_core.environment:checking '/home/tripan/f1tenthsim_ws/install/f1tenth_gym_ros/bin'
[1.916s] Level 1:colcon.colcon_core.environment:checking '/home/tripan/f1tenthsim_ws/install/f1tenth_gym_ros/lib/pkgconfig/f1tenth_gym_ros.pc'
[1.916s] Level 1:colcon.colcon_core.environment:checking '/home/tripan/f1tenthsim_ws/install/f1tenth_gym_ros/lib/python3.10/site-packages'
[1.916s] Level 1:colcon.colcon_core.shell:create_environment_hook('f1tenth_gym_ros', 'pythonpath')
[1.916s] INFO:colcon.colcon_core.shell:Creating environment hook '/home/tripan/f1tenthsim_ws/install/f1tenth_gym_ros/share/f1tenth_gym_ros/hook/pythonpath.ps1'
[1.917s] INFO:colcon.colcon_core.shell:Creating environment descriptor '/home/tripan/f1tenthsim_ws/install/f1tenth_gym_ros/share/f1tenth_gym_ros/hook/pythonpath.dsv'
[1.917s] INFO:colcon.colcon_core.shell:Creating environment hook '/home/tripan/f1tenthsim_ws/install/f1tenth_gym_ros/share/f1tenth_gym_ros/hook/pythonpath.sh'
[1.918s] Level 1:colcon.colcon_core.environment:checking '/home/tripan/f1tenthsim_ws/install/f1tenth_gym_ros/bin'
[1.918s] Level 1:colcon.colcon_core.environment:create_environment_scripts_only(f1tenth_gym_ros)
[1.918s] INFO:colcon.colcon_core.shell:Creating package script '/home/tripan/f1tenthsim_ws/install/f1tenth_gym_ros/share/f1tenth_gym_ros/package.ps1'
[1.919s] INFO:colcon.colcon_core.shell:Creating package descriptor '/home/tripan/f1tenthsim_ws/install/f1tenth_gym_ros/share/f1tenth_gym_ros/package.dsv'
[1.919s] INFO:colcon.colcon_core.shell:Creating package script '/home/tripan/f1tenthsim_ws/install/f1tenth_gym_ros/share/f1tenth_gym_ros/package.sh'
[1.920s] INFO:colcon.colcon_core.shell:Creating package script '/home/tripan/f1tenthsim_ws/install/f1tenth_gym_ros/share/f1tenth_gym_ros/package.bash'
[1.920s] INFO:colcon.colcon_core.shell:Creating package script '/home/tripan/f1tenthsim_ws/install/f1tenth_gym_ros/share/f1tenth_gym_ros/package.zsh'
[1.921s] Level 1:colcon.colcon_core.environment:create_file_with_runtime_dependencies(/home/tripan/f1tenthsim_ws/install/f1tenth_gym_ros/share/colcon-core/packages/f1tenth_gym_ros)
[1.921s] DEBUG:colcon.colcon_parallel_executor.executor.parallel:closing loop
[1.922s] DEBUG:colcon.colcon_parallel_executor.executor.parallel:loop closed
[1.922s] DEBUG:colcon.colcon_parallel_executor.executor.parallel:run_until_complete finished with '0'
[1.922s] DEBUG:colcon.colcon_core.event_reactor:joining thread
[1.928s] INFO:colcon.colcon_core.plugin_system:Skipping extension 'colcon_notification.desktop_notification.terminal_notifier': Not used on non-Darwin systems
[1.928s] INFO:colcon.colcon_core.plugin_system:Skipping extension 'colcon_notification.desktop_notification.win32': Not used on non-Windows systems
[1.928s] INFO:colcon.colcon_notification.desktop_notification:Sending desktop notification using 'notify2'
[1.944s] DEBUG:colcon.colcon_core.event_reactor:joined thread
[1.945s] INFO:colcon.colcon_core.shell:Creating prefix script '/home/tripan/f1tenthsim_ws/install/local_setup.ps1'
[1.946s] INFO:colcon.colcon_core.shell:Creating prefix util module '/home/tripan/f1tenthsim_ws/install/_local_setup_util_ps1.py'
[1.947s] INFO:colcon.colcon_core.shell:Creating prefix chain script '/home/tripan/f1tenthsim_ws/install/setup.ps1'
[1.949s] INFO:colcon.colcon_core.shell:Creating prefix script '/home/tripan/f1tenthsim_ws/install/local_setup.sh'
[1.949s] INFO:colcon.colcon_core.shell:Creating prefix util module '/home/tripan/f1tenthsim_ws/install/_local_setup_util_sh.py'
[1.950s] INFO:colcon.colcon_core.shell:Creating prefix chain script '/home/tripan/f1tenthsim_ws/install/setup.sh'
[1.951s] INFO:colcon.colcon_core.shell:Creating prefix script '/home/tripan/f1tenthsim_ws/install/local_setup.bash'
[1.952s] INFO:colcon.colcon_core.shell:Creating prefix chain script '/home/tripan/f1tenthsim_ws/install/setup.bash'
[1.953s] INFO:colcon.colcon_core.shell:Creating prefix script '/home/tripan/f1tenthsim_ws/install/local_setup.zsh'
[1.954s] INFO:colcon.colcon_core.shell:Creating prefix chain script '/home/tripan/f1tenthsim_ws/install/setup.zsh'
