[0.763s] Invoking command in '/home/tripan/f1tenthsim_ws/f1tenth/src/stt_control': PYTHONPATH=/home/tripan/f1tenthsim_ws/f1tenth/build/stt_control/prefix_override:/usr/lib/python3/dist-packages/colcon_core/task/python/colcon_distutils_commands:/home/tripan/f1tenthsim_ws/f1tenth/install/stt_control/lib/python3.10/site-packages:${PYTHONPATH} /usr/bin/python3 -W ignore:setup.py install is deprecated -W ignore:easy_install command is deprecated setup.py egg_info --egg-base ../../build/stt_control build --build-base /home/tripan/f1tenthsim_ws/f1tenth/build/stt_control/build install --record /home/tripan/f1tenthsim_ws/f1tenth/build/stt_control/install.log --single-version-externally-managed install_data
[0.980s] running egg_info
[0.981s] writing ../../build/stt_control/stt_control.egg-info/PKG-INFO
[0.981s] writing dependency_links to ../../build/stt_control/stt_control.egg-info/dependency_links.txt
[0.981s] writing entry points to ../../build/stt_control/stt_control.egg-info/entry_points.txt
[0.981s] writing requirements to ../../build/stt_control/stt_control.egg-info/requires.txt
[0.981s] writing top-level names to ../../build/stt_control/stt_control.egg-info/top_level.txt
[0.983s] reading manifest file '../../build/stt_control/stt_control.egg-info/SOURCES.txt'
[0.984s] writing manifest file '../../build/stt_control/stt_control.egg-info/SOURCES.txt'
[0.984s] running build
[0.984s] running build_py
[0.984s] copying stt_control/funnel_drive.py -> /home/tripan/f1tenthsim_ws/f1tenth/build/stt_control/build/lib/stt_control
[0.984s] running install
[0.984s] running install_lib
[0.985s] copying /home/tripan/f1tenthsim_ws/f1tenth/build/stt_control/build/lib/stt_control/funnel_drive.py -> /home/tripan/f1tenthsim_ws/f1tenth/install/stt_control/lib/python3.10/site-packages/stt_control
[0.985s] byte-compiling /home/tripan/f1tenthsim_ws/f1tenth/install/stt_control/lib/python3.10/site-packages/stt_control/funnel_drive.py to funnel_drive.cpython-310.pyc
[0.987s] running install_data
[0.987s] running install_egg_info
[0.989s] removing '/home/tripan/f1tenthsim_ws/f1tenth/install/stt_control/lib/python3.10/site-packages/stt_control-0.0.0-py3.10.egg-info' (and everything under it)
[0.989s] Copying ../../build/stt_control/stt_control.egg-info to /home/tripan/f1tenthsim_ws/f1tenth/install/stt_control/lib/python3.10/site-packages/stt_control-0.0.0-py3.10.egg-info
[0.990s] running install_scripts
[1.005s] Installing bag_to_csv_node script to /home/tripan/f1tenthsim_ws/f1tenth/install/stt_control/lib/stt_control
[1.005s] Installing funnel_drive script to /home/tripan/f1tenthsim_ws/f1tenth/install/stt_control/lib/stt_control
[1.005s] writing list of installed files to '/home/tripan/f1tenthsim_ws/f1tenth/build/stt_control/install.log'
[1.027s] Invoked command in '/home/tripan/f1tenthsim_ws/f1tenth/src/stt_control' returned '0': PYTHONPATH=/home/tripan/f1tenthsim_ws/f1tenth/build/stt_control/prefix_override:/usr/lib/python3/dist-packages/colcon_core/task/python/colcon_distutils_commands:/home/tripan/f1tenthsim_ws/f1tenth/install/stt_control/lib/python3.10/site-packages:${PYTHONPATH} /usr/bin/python3 -W ignore:setup.py install is deprecated -W ignore:easy_install command is deprecated setup.py egg_info --egg-base ../../build/stt_control build --build-base /home/tripan/f1tenthsim_ws/f1tenth/build/stt_control/build install --record /home/tripan/f1tenthsim_ws/f1tenth/build/stt_control/install.log --single-version-externally-managed install_data
