[1.475s] Invoking command in '/home/tripan/f1tenthsim_ws/src/f1tenth_gym_ros': PYTHONPATH=/home/tripan/f1tenthsim_ws/build/f1tenth_gym_ros/prefix_override:/usr/lib/python3/dist-packages/colcon_core/task/python/colcon_distutils_commands:/home/tripan/f1tenthsim_ws/install/f1tenth_gym_ros/lib/python3.10/site-packages:${PYTHONPATH} /usr/bin/python3 -W ignore:setup.py install is deprecated -W ignore:easy_install command is deprecated setup.py egg_info --egg-base ../../build/f1tenth_gym_ros build --build-base /home/tripan/f1tenthsim_ws/build/f1tenth_gym_ros/build install --record /home/tripan/f1tenthsim_ws/build/f1tenth_gym_ros/install.log --single-version-externally-managed install_data
[2.076s] running egg_info
[2.077s] writing ../../build/f1tenth_gym_ros/f1tenth_gym_ros.egg-info/PKG-INFO
[2.078s] writing dependency_links to ../../build/f1tenth_gym_ros/f1tenth_gym_ros.egg-info/dependency_links.txt
[2.078s] writing entry points to ../../build/f1tenth_gym_ros/f1tenth_gym_ros.egg-info/entry_points.txt
[2.079s] writing requirements to ../../build/f1tenth_gym_ros/f1tenth_gym_ros.egg-info/requires.txt
[2.079s] writing top-level names to ../../build/f1tenth_gym_ros/f1tenth_gym_ros.egg-info/top_level.txt
[2.083s] reading manifest file '../../build/f1tenth_gym_ros/f1tenth_gym_ros.egg-info/SOURCES.txt'
[2.083s] adding license file 'LICENSE'
[2.085s] writing manifest file '../../build/f1tenth_gym_ros/f1tenth_gym_ros.egg-info/SOURCES.txt'
[2.085s] running build
[2.085s] running build_py
[2.086s] running install
[2.086s] running install_lib
[2.089s] running install_data
[2.089s] copying config/sim.yaml -> /home/tripan/f1tenthsim_ws/install/f1tenth_gym_ros/share/f1tenth_gym_ros/config
[2.090s] running install_egg_info
[2.094s] removing '/home/tripan/f1tenthsim_ws/install/f1tenth_gym_ros/lib/python3.10/site-packages/f1tenth_gym_ros-0.0.0-py3.10.egg-info' (and everything under it)
[2.094s] Copying ../../build/f1tenth_gym_ros/f1tenth_gym_ros.egg-info to /home/tripan/f1tenthsim_ws/install/f1tenth_gym_ros/lib/python3.10/site-packages/f1tenth_gym_ros-0.0.0-py3.10.egg-info
[2.097s] running install_scripts
[2.138s] Installing gym_bridge script to /home/tripan/f1tenthsim_ws/install/f1tenth_gym_ros/lib/f1tenth_gym_ros
[2.139s] writing list of installed files to '/home/tripan/f1tenthsim_ws/build/f1tenth_gym_ros/install.log'
[2.184s] Invoked command in '/home/tripan/f1tenthsim_ws/src/f1tenth_gym_ros' returned '0': PYTHONPATH=/home/tripan/f1tenthsim_ws/build/f1tenth_gym_ros/prefix_override:/usr/lib/python3/dist-packages/colcon_core/task/python/colcon_distutils_commands:/home/tripan/f1tenthsim_ws/install/f1tenth_gym_ros/lib/python3.10/site-packages:${PYTHONPATH} /usr/bin/python3 -W ignore:setup.py install is deprecated -W ignore:easy_install command is deprecated setup.py egg_info --egg-base ../../build/f1tenth_gym_ros build --build-base /home/tripan/f1tenthsim_ws/build/f1tenth_gym_ros/build install --record /home/tripan/f1tenthsim_ws/build/f1tenth_gym_ros/install.log --single-version-externally-managed install_data
