[1.612s] Invoking command in '/home/tripan/f1tenthsim_ws/src/f1tenth_gym_ros': PYTHONPATH=/home/tripan/f1tenthsim_ws/build/f1tenth_gym_ros/prefix_override:/usr/lib/python3/dist-packages/colcon_core/task/python/colcon_distutils_commands:/home/tripan/f1tenthsim_ws/install/f1tenth_gym_ros/lib/python3.10/site-packages:${PYTHONPATH} /usr/bin/python3 -W ignore:setup.py install is deprecated -W ignore:easy_install command is deprecated setup.py egg_info --egg-base ../../build/f1tenth_gym_ros build --build-base /home/tripan/f1tenthsim_ws/build/f1tenth_gym_ros/build install --record /home/tripan/f1tenthsim_ws/build/f1tenth_gym_ros/install.log --single-version-externally-managed install_data
[2.243s] running egg_info
[2.244s] writing ../../build/f1tenth_gym_ros/f1tenth_gym_ros.egg-info/PKG-INFO
[2.245s] writing dependency_links to ../../build/f1tenth_gym_ros/f1tenth_gym_ros.egg-info/dependency_links.txt
[2.246s] writing entry points to ../../build/f1tenth_gym_ros/f1tenth_gym_ros.egg-info/entry_points.txt
[2.246s] writing requirements to ../../build/f1tenth_gym_ros/f1tenth_gym_ros.egg-info/requires.txt
[2.247s] writing top-level names to ../../build/f1tenth_gym_ros/f1tenth_gym_ros.egg-info/top_level.txt
[2.250s] reading manifest file '../../build/f1tenth_gym_ros/f1tenth_gym_ros.egg-info/SOURCES.txt'
[2.251s] adding license file 'LICENSE'
[2.253s] writing manifest file '../../build/f1tenth_gym_ros/f1tenth_gym_ros.egg-info/SOURCES.txt'
[2.253s] running build
[2.253s] running build_py
[2.254s] running install
[2.255s] running install_lib
[2.258s] running install_data
[2.259s] running install_egg_info
[2.263s] removing '/home/tripan/f1tenthsim_ws/install/f1tenth_gym_ros/lib/python3.10/site-packages/f1tenth_gym_ros-0.0.0-py3.10.egg-info' (and everything under it)
[2.264s] Copying ../../build/f1tenth_gym_ros/f1tenth_gym_ros.egg-info to /home/tripan/f1tenthsim_ws/install/f1tenth_gym_ros/lib/python3.10/site-packages/f1tenth_gym_ros-0.0.0-py3.10.egg-info
[2.266s] running install_scripts
[2.309s] Installing gym_bridge script to /home/tripan/f1tenthsim_ws/install/f1tenth_gym_ros/lib/f1tenth_gym_ros
[2.310s] writing list of installed files to '/home/tripan/f1tenthsim_ws/build/f1tenth_gym_ros/install.log'
[2.357s] Invoked command in '/home/tripan/f1tenthsim_ws/src/f1tenth_gym_ros' returned '0': PYTHONPATH=/home/tripan/f1tenthsim_ws/build/f1tenth_gym_ros/prefix_override:/usr/lib/python3/dist-packages/colcon_core/task/python/colcon_distutils_commands:/home/tripan/f1tenthsim_ws/install/f1tenth_gym_ros/lib/python3.10/site-packages:${PYTHONPATH} /usr/bin/python3 -W ignore:setup.py install is deprecated -W ignore:easy_install command is deprecated setup.py egg_info --egg-base ../../build/f1tenth_gym_ros build --build-base /home/tripan/f1tenthsim_ws/build/f1tenth_gym_ros/build install --record /home/tripan/f1tenthsim_ws/build/f1tenth_gym_ros/install.log --single-version-externally-managed install_data
