[0.236s] DEBUG:colcon:Command line arguments: ['/usr/bin/colcon', 'build']
[0.237s] DEBUG:colcon:Parsed command line arguments: Namespace(log_base=None, log_level=None, verb_name='build', build_base='build', install_base='install', merge_install=False, symlink_install=False, test_result_base=None, continue_on_error=False, executor='parallel', parallel_workers=16, event_handlers=None, ignore_user_meta=False, metas=['./colcon.meta'], base_paths=['.'], packages_ignore=None, packages_ignore_regex=None, paths=None, packages_up_to=None, packages_up_to_regex=None, packages_above=None, packages_above_and_dependencies=None, packages_above_depth=None, packages_select_by_dep=None, packages_skip_by_dep=None, packages_skip_up_to=None, packages_select_build_failed=False, packages_skip_build_finished=False, packages_select_test_failures=False, packages_skip_test_passed=False, packages_select=None, packages_skip=None, packages_select_regex=None, packages_skip_regex=None, packages_start=None, packages_end=None, allow_overriding=[], cmake_args=None, cmake_target=None, cmake_target_skip_unavailable=False, cmake_clean_cache=False, cmake_clean_first=False, cmake_force_configure=False, ament_cmake_args=None, catkin_cmake_args=None, catkin_skip_building_tests=False, verb_parser=<colcon_defaults.argument_parser.defaults.DefaultArgumentsDecorator object at 0x7e2e3695d750>, verb_extension=<colcon_core.verb.build.BuildVerb object at 0x7e2e36ace4d0>, main=<bound method BuildVerb.main of <colcon_core.verb.build.BuildVerb object at 0x7e2e36ace4d0>>)
[0.536s] Level 1:colcon.colcon_core.package_discovery:discover_packages(colcon_meta) check parameters
[0.536s] Level 1:colcon.colcon_core.package_discovery:discover_packages(recursive) check parameters
[0.536s] Level 1:colcon.colcon_core.package_discovery:discover_packages(ignore) check parameters
[0.536s] Level 1:colcon.colcon_core.package_discovery:discover_packages(path) check parameters
[0.536s] Level 1:colcon.colcon_core.package_discovery:discover_packages(colcon_meta) discover
[0.536s] Level 1:colcon.colcon_core.package_discovery:discover_packages(recursive) discover
[0.536s] INFO:colcon.colcon_core.package_discovery:Crawling recursively for packages in '/home/tripan/f1tenthsim_ws/f1tenth'
[0.536s] Level 1:colcon.colcon_core.package_identification:_identify(.) by extensions ['ignore', 'ignore_ament_install']
[0.537s] Level 1:colcon.colcon_core.package_identification:_identify(.) by extension 'ignore'
[0.537s] Level 1:colcon.colcon_core.package_identification:_identify(.) by extension 'ignore_ament_install'
[0.537s] Level 1:colcon.colcon_core.package_identification:_identify(.) by extensions ['colcon_pkg']
[0.537s] Level 1:colcon.colcon_core.package_identification:_identify(.) by extension 'colcon_pkg'
[0.537s] Level 1:colcon.colcon_core.package_identification:_identify(.) by extensions ['colcon_meta']
[0.537s] Level 1:colcon.colcon_core.package_identification:_identify(.) by extension 'colcon_meta'
[0.537s] Level 1:colcon.colcon_core.package_identification:_identify(.) by extensions ['ros']
[0.537s] Level 1:colcon.colcon_core.package_identification:_identify(.) by extension 'ros'
[0.552s] Level 1:colcon.colcon_core.package_identification:_identify(.) by extensions ['cmake', 'python']
[0.552s] Level 1:colcon.colcon_core.package_identification:_identify(.) by extension 'cmake'
[0.552s] Level 1:colcon.colcon_core.package_identification:_identify(.) by extension 'python'
[0.552s] Level 1:colcon.colcon_core.package_identification:_identify(.) by extensions ['python_setup_py']
[0.552s] Level 1:colcon.colcon_core.package_identification:_identify(.) by extension 'python_setup_py'
[0.553s] Level 1:colcon.colcon_core.package_identification:_identify(bag_labmap_2) by extensions ['ignore', 'ignore_ament_install']
[0.553s] Level 1:colcon.colcon_core.package_identification:_identify(bag_labmap_2) by extension 'ignore'
[0.553s] Level 1:colcon.colcon_core.package_identification:_identify(bag_labmap_2) by extension 'ignore_ament_install'
[0.553s] Level 1:colcon.colcon_core.package_identification:_identify(bag_labmap_2) by extensions ['colcon_pkg']
[0.553s] Level 1:colcon.colcon_core.package_identification:_identify(bag_labmap_2) by extension 'colcon_pkg'
[0.553s] Level 1:colcon.colcon_core.package_identification:_identify(bag_labmap_2) by extensions ['colcon_meta']
[0.553s] Level 1:colcon.colcon_core.package_identification:_identify(bag_labmap_2) by extension 'colcon_meta'
[0.553s] Level 1:colcon.colcon_core.package_identification:_identify(bag_labmap_2) by extensions ['ros']
[0.553s] Level 1:colcon.colcon_core.package_identification:_identify(bag_labmap_2) by extension 'ros'
[0.553s] Level 1:colcon.colcon_core.package_identification:_identify(bag_labmap_2) by extensions ['cmake', 'python']
[0.553s] Level 1:colcon.colcon_core.package_identification:_identify(bag_labmap_2) by extension 'cmake'
[0.553s] Level 1:colcon.colcon_core.package_identification:_identify(bag_labmap_2) by extension 'python'
[0.553s] Level 1:colcon.colcon_core.package_identification:_identify(bag_labmap_2) by extensions ['python_setup_py']
[0.553s] Level 1:colcon.colcon_core.package_identification:_identify(bag_labmap_2) by extension 'python_setup_py'
[0.553s] Level 1:colcon.colcon_core.package_identification:_identify(build) by extensions ['ignore', 'ignore_ament_install']
[0.554s] Level 1:colcon.colcon_core.package_identification:_identify(build) by extension 'ignore'
[0.554s] Level 1:colcon.colcon_core.package_identification:_identify(build) ignored
[0.554s] Level 1:colcon.colcon_core.package_identification:_identify(install) by extensions ['ignore', 'ignore_ament_install']
[0.554s] Level 1:colcon.colcon_core.package_identification:_identify(install) by extension 'ignore'
[0.554s] Level 1:colcon.colcon_core.package_identification:_identify(install) ignored
[0.554s] Level 1:colcon.colcon_core.package_identification:_identify(log) by extensions ['ignore', 'ignore_ament_install']
[0.554s] Level 1:colcon.colcon_core.package_identification:_identify(log) by extension 'ignore'
[0.554s] Level 1:colcon.colcon_core.package_identification:_identify(log) ignored
[0.554s] Level 1:colcon.colcon_core.package_identification:_identify(src) by extensions ['ignore', 'ignore_ament_install']
[0.554s] Level 1:colcon.colcon_core.package_identification:_identify(src) by extension 'ignore'
[0.554s] Level 1:colcon.colcon_core.package_identification:_identify(src) by extension 'ignore_ament_install'
[0.555s] Level 1:colcon.colcon_core.package_identification:_identify(src) by extensions ['colcon_pkg']
[0.555s] Level 1:colcon.colcon_core.package_identification:_identify(src) by extension 'colcon_pkg'
[0.555s] Level 1:colcon.colcon_core.package_identification:_identify(src) by extensions ['colcon_meta']
[0.555s] Level 1:colcon.colcon_core.package_identification:_identify(src) by extension 'colcon_meta'
[0.555s] Level 1:colcon.colcon_core.package_identification:_identify(src) by extensions ['ros']
[0.555s] Level 1:colcon.colcon_core.package_identification:_identify(src) by extension 'ros'
[0.555s] Level 1:colcon.colcon_core.package_identification:_identify(src) by extensions ['cmake', 'python']
[0.555s] Level 1:colcon.colcon_core.package_identification:_identify(src) by extension 'cmake'
[0.555s] Level 1:colcon.colcon_core.package_identification:_identify(src) by extension 'python'
[0.555s] Level 1:colcon.colcon_core.package_identification:_identify(src) by extensions ['python_setup_py']
[0.555s] Level 1:colcon.colcon_core.package_identification:_identify(src) by extension 'python_setup_py'
[0.555s] Level 1:colcon.colcon_core.package_identification:_identify(src/f1tenth_gym_ros) by extensions ['ignore', 'ignore_ament_install']
[0.555s] Level 1:colcon.colcon_core.package_identification:_identify(src/f1tenth_gym_ros) by extension 'ignore'
[0.555s] Level 1:colcon.colcon_core.package_identification:_identify(src/f1tenth_gym_ros) by extension 'ignore_ament_install'
[0.555s] Level 1:colcon.colcon_core.package_identification:_identify(src/f1tenth_gym_ros) by extensions ['colcon_pkg']
[0.555s] Level 1:colcon.colcon_core.package_identification:_identify(src/f1tenth_gym_ros) by extension 'colcon_pkg'
[0.555s] Level 1:colcon.colcon_core.package_identification:_identify(src/f1tenth_gym_ros) by extensions ['colcon_meta']
[0.556s] Level 1:colcon.colcon_core.package_identification:_identify(src/f1tenth_gym_ros) by extension 'colcon_meta'
[0.556s] Level 1:colcon.colcon_core.package_identification:_identify(src/f1tenth_gym_ros) by extensions ['ros']
[0.556s] Level 1:colcon.colcon_core.package_identification:_identify(src/f1tenth_gym_ros) by extension 'ros'
[0.572s] DEBUG:colcon.colcon_core.package_identification:Package 'src/f1tenth_gym_ros' with type 'ros.ament_python' and name 'f1tenth_gym_ros'
[0.572s] Level 1:colcon.colcon_core.package_identification:_identify(src/stt_control) by extensions ['ignore', 'ignore_ament_install']
[0.572s] Level 1:colcon.colcon_core.package_identification:_identify(src/stt_control) by extension 'ignore'
[0.573s] Level 1:colcon.colcon_core.package_identification:_identify(src/stt_control) by extension 'ignore_ament_install'
[0.573s] Level 1:colcon.colcon_core.package_identification:_identify(src/stt_control) by extensions ['colcon_pkg']
[0.573s] Level 1:colcon.colcon_core.package_identification:_identify(src/stt_control) by extension 'colcon_pkg'
[0.573s] Level 1:colcon.colcon_core.package_identification:_identify(src/stt_control) by extensions ['colcon_meta']
[0.573s] Level 1:colcon.colcon_core.package_identification:_identify(src/stt_control) by extension 'colcon_meta'
[0.573s] Level 1:colcon.colcon_core.package_identification:_identify(src/stt_control) by extensions ['ros']
[0.573s] Level 1:colcon.colcon_core.package_identification:_identify(src/stt_control) by extension 'ros'
[0.574s] DEBUG:colcon.colcon_core.package_identification:Package 'src/stt_control' with type 'ros.ament_python' and name 'stt_control'
[0.574s] Level 1:colcon.colcon_core.package_discovery:discover_packages(recursive) using defaults
[0.574s] Level 1:colcon.colcon_core.package_discovery:discover_packages(ignore) discover
[0.574s] Level 1:colcon.colcon_core.package_discovery:discover_packages(ignore) using defaults
[0.574s] Level 1:colcon.colcon_core.package_discovery:discover_packages(path) discover
[0.574s] Level 1:colcon.colcon_core.package_discovery:discover_packages(path) using defaults
[0.604s] Level 1:colcon.colcon_core.package_discovery:discover_packages(prefix_path) check parameters
[0.604s] Level 1:colcon.colcon_core.package_discovery:discover_packages(prefix_path) discover
[0.607s] DEBUG:colcon.colcon_installed_package_information.package_discovery:Found 2 installed packages in /home/tripan/f1tenthsim_ws/f1tenth/install
[0.609s] DEBUG:colcon.colcon_installed_package_information.package_discovery:Found 291 installed packages in /opt/ros/humble
[0.611s] Level 1:colcon.colcon_core.package_discovery:discover_packages(prefix_path) using defaults
[0.693s] Level 5:colcon.colcon_core.verb:set package 'f1tenth_gym_ros' build argument 'cmake_args' from command line to 'None'
[0.693s] Level 5:colcon.colcon_core.verb:set package 'f1tenth_gym_ros' build argument 'cmake_target' from command line to 'None'
[0.693s] Level 5:colcon.colcon_core.verb:set package 'f1tenth_gym_ros' build argument 'cmake_target_skip_unavailable' from command line to 'False'
[0.693s] Level 5:colcon.colcon_core.verb:set package 'f1tenth_gym_ros' build argument 'cmake_clean_cache' from command line to 'False'
[0.693s] Level 5:colcon.colcon_core.verb:set package 'f1tenth_gym_ros' build argument 'cmake_clean_first' from command line to 'False'
[0.693s] Level 5:colcon.colcon_core.verb:set package 'f1tenth_gym_ros' build argument 'cmake_force_configure' from command line to 'False'
[0.693s] Level 5:colcon.colcon_core.verb:set package 'f1tenth_gym_ros' build argument 'ament_cmake_args' from command line to 'None'
[0.693s] Level 5:colcon.colcon_core.verb:set package 'f1tenth_gym_ros' build argument 'catkin_cmake_args' from command line to 'None'
[0.693s] Level 5:colcon.colcon_core.verb:set package 'f1tenth_gym_ros' build argument 'catkin_skip_building_tests' from command line to 'False'
[0.693s] DEBUG:colcon.colcon_core.verb:Building package 'f1tenth_gym_ros' with the following arguments: {'ament_cmake_args': None, 'build_base': '/home/tripan/f1tenthsim_ws/f1tenth/build/f1tenth_gym_ros', 'catkin_cmake_args': None, 'catkin_skip_building_tests': False, 'cmake_args': None, 'cmake_clean_cache': False, 'cmake_clean_first': False, 'cmake_force_configure': False, 'cmake_target': None, 'cmake_target_skip_unavailable': False, 'install_base': '/home/tripan/f1tenthsim_ws/f1tenth/install/f1tenth_gym_ros', 'merge_install': False, 'path': '/home/tripan/f1tenthsim_ws/f1tenth/src/f1tenth_gym_ros', 'symlink_install': False, 'test_result_base': None}
[0.693s] Level 5:colcon.colcon_core.verb:set package 'stt_control' build argument 'cmake_args' from command line to 'None'
[0.693s] Level 5:colcon.colcon_core.verb:set package 'stt_control' build argument 'cmake_target' from command line to 'None'
[0.693s] Level 5:colcon.colcon_core.verb:set package 'stt_control' build argument 'cmake_target_skip_unavailable' from command line to 'False'
[0.693s] Level 5:colcon.colcon_core.verb:set package 'stt_control' build argument 'cmake_clean_cache' from command line to 'False'
[0.693s] Level 5:colcon.colcon_core.verb:set package 'stt_control' build argument 'cmake_clean_first' from command line to 'False'
[0.693s] Level 5:colcon.colcon_core.verb:set package 'stt_control' build argument 'cmake_force_configure' from command line to 'False'
[0.693s] Level 5:colcon.colcon_core.verb:set package 'stt_control' build argument 'ament_cmake_args' from command line to 'None'
[0.693s] Level 5:colcon.colcon_core.verb:set package 'stt_control' build argument 'catkin_cmake_args' from command line to 'None'
[0.693s] Level 5:colcon.colcon_core.verb:set package 'stt_control' build argument 'catkin_skip_building_tests' from command line to 'False'
[0.693s] DEBUG:colcon.colcon_core.verb:Building package 'stt_control' with the following arguments: {'ament_cmake_args': None, 'build_base': '/home/tripan/f1tenthsim_ws/f1tenth/build/stt_control', 'catkin_cmake_args': None, 'catkin_skip_building_tests': False, 'cmake_args': None, 'cmake_clean_cache': False, 'cmake_clean_first': False, 'cmake_force_configure': False, 'cmake_target': None, 'cmake_target_skip_unavailable': False, 'install_base': '/home/tripan/f1tenthsim_ws/f1tenth/install/stt_control', 'merge_install': False, 'path': '/home/tripan/f1tenthsim_ws/f1tenth/src/stt_control', 'symlink_install': False, 'test_result_base': None}
[0.694s] INFO:colcon.colcon_core.executor:Executing jobs using 'parallel' executor
[0.695s] DEBUG:colcon.colcon_parallel_executor.executor.parallel:run_until_complete
[0.695s] INFO:colcon.colcon_ros.task.ament_python.build:Building ROS package in '/home/tripan/f1tenthsim_ws/f1tenth/src/f1tenth_gym_ros' with build type 'ament_python'
[0.695s] Level 1:colcon.colcon_core.shell:create_environment_hook('f1tenth_gym_ros', 'ament_prefix_path')
[0.700s] INFO:colcon.colcon_core.plugin_system:Skipping extension 'colcon_core.shell.bat': Not used on non-Windows systems
[0.700s] INFO:colcon.colcon_core.shell:Creating environment hook '/home/tripan/f1tenthsim_ws/f1tenth/install/f1tenth_gym_ros/share/f1tenth_gym_ros/hook/ament_prefix_path.ps1'
[0.701s] INFO:colcon.colcon_core.shell:Creating environment descriptor '/home/tripan/f1tenthsim_ws/f1tenth/install/f1tenth_gym_ros/share/f1tenth_gym_ros/hook/ament_prefix_path.dsv'
[0.702s] INFO:colcon.colcon_core.shell:Creating environment hook '/home/tripan/f1tenthsim_ws/f1tenth/install/f1tenth_gym_ros/share/f1tenth_gym_ros/hook/ament_prefix_path.sh'
[0.703s] INFO:colcon.colcon_core.shell:Skip shell extension 'powershell' for command environment: Not usable outside of PowerShell
[0.703s] DEBUG:colcon.colcon_core.shell:Skip shell extension 'dsv' for command environment
[0.706s] INFO:colcon.colcon_ros.task.ament_python.build:Building ROS package in '/home/tripan/f1tenthsim_ws/f1tenth/src/stt_control' with build type 'ament_python'
[0.707s] Level 1:colcon.colcon_core.shell:create_environment_hook('stt_control', 'ament_prefix_path')
[0.707s] INFO:colcon.colcon_core.shell:Creating environment hook '/home/tripan/f1tenthsim_ws/f1tenth/install/stt_control/share/stt_control/hook/ament_prefix_path.ps1'
[0.708s] INFO:colcon.colcon_core.shell:Creating environment descriptor '/home/tripan/f1tenthsim_ws/f1tenth/install/stt_control/share/stt_control/hook/ament_prefix_path.dsv'
[0.708s] INFO:colcon.colcon_core.shell:Creating environment hook '/home/tripan/f1tenthsim_ws/f1tenth/install/stt_control/share/stt_control/hook/ament_prefix_path.sh'
[0.709s] INFO:colcon.colcon_core.shell:Skip shell extension 'powershell' for command environment: Not usable outside of PowerShell
[0.709s] DEBUG:colcon.colcon_core.shell:Skip shell extension 'dsv' for command environment
[1.014s] INFO:colcon.colcon_core.task.python.build:Building Python package in '/home/tripan/f1tenthsim_ws/f1tenth/src/f1tenth_gym_ros'
[1.014s] INFO:colcon.colcon_core.shell:Skip shell extension 'powershell' for command environment: Not usable outside of PowerShell
[1.014s] DEBUG:colcon.colcon_core.shell:Skip shell extension 'dsv' for command environment
[1.319s] INFO:colcon.colcon_core.task.python.build:Building Python package in '/home/tripan/f1tenthsim_ws/f1tenth/src/stt_control'
[1.320s] INFO:colcon.colcon_core.shell:Skip shell extension 'powershell' for command environment: Not usable outside of PowerShell
[1.320s] DEBUG:colcon.colcon_core.shell:Skip shell extension 'dsv' for command environment
[1.734s] DEBUG:colcon.colcon_core.event_handler.log_command:Invoking command in '/home/tripan/f1tenthsim_ws/f1tenth/src/f1tenth_gym_ros': PYTHONPATH=/home/tripan/f1tenthsim_ws/f1tenth/build/f1tenth_gym_ros/prefix_override:/usr/lib/python3/dist-packages/colcon_core/task/python/colcon_distutils_commands:/home/tripan/f1tenthsim_ws/f1tenth/install/f1tenth_gym_ros/lib/python3.10/site-packages:${PYTHONPATH} /usr/bin/python3 -W ignore:setup.py install is deprecated -W ignore:easy_install command is deprecated setup.py egg_info --egg-base ../../build/f1tenth_gym_ros build --build-base /home/tripan/f1tenthsim_ws/f1tenth/build/f1tenth_gym_ros/build install --record /home/tripan/f1tenthsim_ws/f1tenth/build/f1tenth_gym_ros/install.log --single-version-externally-managed install_data
[1.740s] DEBUG:colcon.colcon_core.event_handler.log_command:Invoking command in '/home/tripan/f1tenthsim_ws/f1tenth/src/stt_control': PYTHONPATH=/home/tripan/f1tenthsim_ws/f1tenth/build/stt_control/prefix_override:/usr/lib/python3/dist-packages/colcon_core/task/python/colcon_distutils_commands:/home/tripan/f1tenthsim_ws/f1tenth/install/stt_control/lib/python3.10/site-packages:${PYTHONPATH} /usr/bin/python3 -W ignore:setup.py install is deprecated -W ignore:easy_install command is deprecated setup.py egg_info --egg-base ../../build/stt_control build --build-base /home/tripan/f1tenthsim_ws/f1tenth/build/stt_control/build install --record /home/tripan/f1tenthsim_ws/f1tenth/build/stt_control/install.log --single-version-externally-managed install_data
[2.081s] DEBUG:colcon.colcon_core.event_handler.log_command:Invoked command in '/home/tripan/f1tenthsim_ws/f1tenth/src/f1tenth_gym_ros' returned '0': PYTHONPATH=/home/tripan/f1tenthsim_ws/f1tenth/build/f1tenth_gym_ros/prefix_override:/usr/lib/python3/dist-packages/colcon_core/task/python/colcon_distutils_commands:/home/tripan/f1tenthsim_ws/f1tenth/install/f1tenth_gym_ros/lib/python3.10/site-packages:${PYTHONPATH} /usr/bin/python3 -W ignore:setup.py install is deprecated -W ignore:easy_install command is deprecated setup.py egg_info --egg-base ../../build/f1tenth_gym_ros build --build-base /home/tripan/f1tenthsim_ws/f1tenth/build/f1tenth_gym_ros/build install --record /home/tripan/f1tenthsim_ws/f1tenth/build/f1tenth_gym_ros/install.log --single-version-externally-managed install_data
[2.086s] Level 1:colcon.colcon_core.environment:checking '/home/tripan/f1tenthsim_ws/f1tenth/install/f1tenth_gym_ros' for CMake module files
[2.087s] Level 1:colcon.colcon_core.environment:checking '/home/tripan/f1tenthsim_ws/f1tenth/install/f1tenth_gym_ros' for CMake config files
[2.088s] Level 1:colcon.colcon_core.environment:checking '/home/tripan/f1tenthsim_ws/f1tenth/install/f1tenth_gym_ros/lib'
[2.088s] Level 1:colcon.colcon_core.environment:checking '/home/tripan/f1tenthsim_ws/f1tenth/install/f1tenth_gym_ros/bin'
[2.088s] Level 1:colcon.colcon_core.environment:checking '/home/tripan/f1tenthsim_ws/f1tenth/install/f1tenth_gym_ros/lib/pkgconfig/f1tenth_gym_ros.pc'
[2.088s] Level 1:colcon.colcon_core.environment:checking '/home/tripan/f1tenthsim_ws/f1tenth/install/f1tenth_gym_ros/lib/python3.10/site-packages'
[2.088s] Level 1:colcon.colcon_core.shell:create_environment_hook('f1tenth_gym_ros', 'pythonpath')
[2.089s] INFO:colcon.colcon_core.shell:Creating environment hook '/home/tripan/f1tenthsim_ws/f1tenth/install/f1tenth_gym_ros/share/f1tenth_gym_ros/hook/pythonpath.ps1'
[2.089s] INFO:colcon.colcon_core.shell:Creating environment descriptor '/home/tripan/f1tenthsim_ws/f1tenth/install/f1tenth_gym_ros/share/f1tenth_gym_ros/hook/pythonpath.dsv'
[2.090s] INFO:colcon.colcon_core.shell:Creating environment hook '/home/tripan/f1tenthsim_ws/f1tenth/install/f1tenth_gym_ros/share/f1tenth_gym_ros/hook/pythonpath.sh'
[2.091s] Level 1:colcon.colcon_core.environment:checking '/home/tripan/f1tenthsim_ws/f1tenth/install/f1tenth_gym_ros/bin'
[2.091s] Level 1:colcon.colcon_core.environment:create_environment_scripts_only(f1tenth_gym_ros)
[2.091s] INFO:colcon.colcon_core.shell:Creating package script '/home/tripan/f1tenthsim_ws/f1tenth/install/f1tenth_gym_ros/share/f1tenth_gym_ros/package.ps1'
[2.092s] INFO:colcon.colcon_core.shell:Creating package descriptor '/home/tripan/f1tenthsim_ws/f1tenth/install/f1tenth_gym_ros/share/f1tenth_gym_ros/package.dsv'
[2.093s] INFO:colcon.colcon_core.shell:Creating package script '/home/tripan/f1tenthsim_ws/f1tenth/install/f1tenth_gym_ros/share/f1tenth_gym_ros/package.sh'
[2.094s] INFO:colcon.colcon_core.shell:Creating package script '/home/tripan/f1tenthsim_ws/f1tenth/install/f1tenth_gym_ros/share/f1tenth_gym_ros/package.bash'
[2.095s] INFO:colcon.colcon_core.shell:Creating package script '/home/tripan/f1tenthsim_ws/f1tenth/install/f1tenth_gym_ros/share/f1tenth_gym_ros/package.zsh'
[2.096s] Level 1:colcon.colcon_core.environment:create_file_with_runtime_dependencies(/home/tripan/f1tenthsim_ws/f1tenth/install/f1tenth_gym_ros/share/colcon-core/packages/f1tenth_gym_ros)
[2.098s] Level 1:colcon.colcon_core.environment:checking '/home/tripan/f1tenthsim_ws/f1tenth/install/stt_control' for CMake module files
[2.099s] DEBUG:colcon.colcon_core.event_handler.log_command:Invoked command in '/home/tripan/f1tenthsim_ws/f1tenth/src/stt_control' returned '0': PYTHONPATH=/home/tripan/f1tenthsim_ws/f1tenth/build/stt_control/prefix_override:/usr/lib/python3/dist-packages/colcon_core/task/python/colcon_distutils_commands:/home/tripan/f1tenthsim_ws/f1tenth/install/stt_control/lib/python3.10/site-packages:${PYTHONPATH} /usr/bin/python3 -W ignore:setup.py install is deprecated -W ignore:easy_install command is deprecated setup.py egg_info --egg-base ../../build/stt_control build --build-base /home/tripan/f1tenthsim_ws/f1tenth/build/stt_control/build install --record /home/tripan/f1tenthsim_ws/f1tenth/build/stt_control/install.log --single-version-externally-managed install_data
[2.099s] Level 1:colcon.colcon_core.environment:checking '/home/tripan/f1tenthsim_ws/f1tenth/install/stt_control' for CMake config files
[2.100s] Level 1:colcon.colcon_core.environment:checking '/home/tripan/f1tenthsim_ws/f1tenth/install/stt_control/lib'
[2.100s] Level 1:colcon.colcon_core.environment:checking '/home/tripan/f1tenthsim_ws/f1tenth/install/stt_control/bin'
[2.100s] Level 1:colcon.colcon_core.environment:checking '/home/tripan/f1tenthsim_ws/f1tenth/install/stt_control/lib/pkgconfig/stt_control.pc'
[2.100s] Level 1:colcon.colcon_core.environment:checking '/home/tripan/f1tenthsim_ws/f1tenth/install/stt_control/lib/python3.10/site-packages'
[2.100s] Level 1:colcon.colcon_core.shell:create_environment_hook('stt_control', 'pythonpath')
[2.100s] INFO:colcon.colcon_core.shell:Creating environment hook '/home/tripan/f1tenthsim_ws/f1tenth/install/stt_control/share/stt_control/hook/pythonpath.ps1'
[2.101s] INFO:colcon.colcon_core.shell:Creating environment descriptor '/home/tripan/f1tenthsim_ws/f1tenth/install/stt_control/share/stt_control/hook/pythonpath.dsv'
[2.101s] INFO:colcon.colcon_core.shell:Creating environment hook '/home/tripan/f1tenthsim_ws/f1tenth/install/stt_control/share/stt_control/hook/pythonpath.sh'
[2.102s] Level 1:colcon.colcon_core.environment:checking '/home/tripan/f1tenthsim_ws/f1tenth/install/stt_control/bin'
[2.102s] Level 1:colcon.colcon_core.environment:create_environment_scripts_only(stt_control)
[2.102s] INFO:colcon.colcon_core.shell:Creating package script '/home/tripan/f1tenthsim_ws/f1tenth/install/stt_control/share/stt_control/package.ps1'
[2.103s] INFO:colcon.colcon_core.shell:Creating package descriptor '/home/tripan/f1tenthsim_ws/f1tenth/install/stt_control/share/stt_control/package.dsv'
[2.103s] INFO:colcon.colcon_core.shell:Creating package script '/home/tripan/f1tenthsim_ws/f1tenth/install/stt_control/share/stt_control/package.sh'
[2.104s] INFO:colcon.colcon_core.shell:Creating package script '/home/tripan/f1tenthsim_ws/f1tenth/install/stt_control/share/stt_control/package.bash'
[2.104s] INFO:colcon.colcon_core.shell:Creating package script '/home/tripan/f1tenthsim_ws/f1tenth/install/stt_control/share/stt_control/package.zsh'
[2.104s] Level 1:colcon.colcon_core.environment:create_file_with_runtime_dependencies(/home/tripan/f1tenthsim_ws/f1tenth/install/stt_control/share/colcon-core/packages/stt_control)
[2.105s] DEBUG:colcon.colcon_parallel_executor.executor.parallel:closing loop
[2.105s] DEBUG:colcon.colcon_parallel_executor.executor.parallel:loop closed
[2.105s] DEBUG:colcon.colcon_parallel_executor.executor.parallel:run_until_complete finished with '0'
[2.105s] DEBUG:colcon.colcon_core.event_reactor:joining thread
[2.114s] INFO:colcon.colcon_core.plugin_system:Skipping extension 'colcon_notification.desktop_notification.terminal_notifier': Not used on non-Darwin systems
[2.114s] INFO:colcon.colcon_core.plugin_system:Skipping extension 'colcon_notification.desktop_notification.win32': Not used on non-Windows systems
[2.114s] INFO:colcon.colcon_notification.desktop_notification:Sending desktop notification using 'notify2'
[2.130s] DEBUG:colcon.colcon_core.event_reactor:joined thread
[2.131s] INFO:colcon.colcon_core.shell:Creating prefix script '/home/tripan/f1tenthsim_ws/f1tenth/install/local_setup.ps1'
[2.132s] INFO:colcon.colcon_core.shell:Creating prefix util module '/home/tripan/f1tenthsim_ws/f1tenth/install/_local_setup_util_ps1.py'
[2.134s] INFO:colcon.colcon_core.shell:Creating prefix chain script '/home/tripan/f1tenthsim_ws/f1tenth/install/setup.ps1'
[2.135s] INFO:colcon.colcon_core.shell:Creating prefix script '/home/tripan/f1tenthsim_ws/f1tenth/install/local_setup.sh'
[2.136s] INFO:colcon.colcon_core.shell:Creating prefix util module '/home/tripan/f1tenthsim_ws/f1tenth/install/_local_setup_util_sh.py'
[2.136s] INFO:colcon.colcon_core.shell:Creating prefix chain script '/home/tripan/f1tenthsim_ws/f1tenth/install/setup.sh'
[2.137s] INFO:colcon.colcon_core.shell:Creating prefix script '/home/tripan/f1tenthsim_ws/f1tenth/install/local_setup.bash'
[2.138s] INFO:colcon.colcon_core.shell:Creating prefix chain script '/home/tripan/f1tenthsim_ws/f1tenth/install/setup.bash'
[2.139s] INFO:colcon.colcon_core.shell:Creating prefix script '/home/tripan/f1tenthsim_ws/f1tenth/install/local_setup.zsh'
[2.140s] INFO:colcon.colcon_core.shell:Creating prefix chain script '/home/tripan/f1tenthsim_ws/f1tenth/install/setup.zsh'
