[0.684s] Invoking command in '/home/tripan/f1tenthsim_ws/f1tenth/src/stt_control': PYTHONPATH=/home/tripan/f1tenthsim_ws/f1tenth/build/stt_control/prefix_override:/usr/lib/python3/dist-packages/colcon_core/task/python/colcon_distutils_commands:/home/tripan/f1tenthsim_ws/f1tenth/install/stt_control/lib/python3.10/site-packages:${PYTHONPATH} /usr/bin/python3 -W ignore:setup.py install is deprecated -W ignore:easy_install command is deprecated setup.py egg_info --egg-base ../../build/stt_control build --build-base /home/tripan/f1tenthsim_ws/f1tenth/build/stt_control/build install --record /home/tripan/f1tenthsim_ws/f1tenth/build/stt_control/install.log --single-version-externally-managed install_data
[0.874s] running egg_info
[0.874s] writing ../../build/stt_control/stt_control.egg-info/PKG-INFO
[0.875s] writing dependency_links to ../../build/stt_control/stt_control.egg-info/dependency_links.txt
[0.875s] writing entry points to ../../build/stt_control/stt_control.egg-info/entry_points.txt
[0.875s] writing requirements to ../../build/stt_control/stt_control.egg-info/requires.txt
[0.875s] writing top-level names to ../../build/stt_control/stt_control.egg-info/top_level.txt
[0.876s] reading manifest file '../../build/stt_control/stt_control.egg-info/SOURCES.txt'
[0.877s] writing manifest file '../../build/stt_control/stt_control.egg-info/SOURCES.txt'
[0.877s] running build
[0.877s] running build_py
[0.877s] copying stt_control/bag_to_csv.py -> /home/tripan/f1tenthsim_ws/f1tenth/build/stt_control/build/lib/stt_control
[0.877s] copying stt_control/funnel_drive.py -> /home/tripan/f1tenthsim_ws/f1tenth/build/stt_control/build/lib/stt_control
[0.877s] copying stt_control/funnel_drive_sim_path.py -> /home/tripan/f1tenthsim_ws/f1tenth/build/stt_control/build/lib/stt_control
[0.877s] copying stt_control/track_traj_to_stt.py -> /home/tripan/f1tenthsim_ws/f1tenth/build/stt_control/build/lib/stt_control
[0.878s] running install
[0.878s] running install_lib
[0.878s] copying /home/tripan/f1tenthsim_ws/f1tenth/build/stt_control/build/lib/stt_control/bag_to_csv.py -> /home/tripan/f1tenthsim_ws/f1tenth/install/stt_control/lib/python3.10/site-packages/stt_control
[0.878s] copying /home/tripan/f1tenthsim_ws/f1tenth/build/stt_control/build/lib/stt_control/funnel_drive.py -> /home/tripan/f1tenthsim_ws/f1tenth/install/stt_control/lib/python3.10/site-packages/stt_control
[0.878s] copying /home/tripan/f1tenthsim_ws/f1tenth/build/stt_control/build/lib/stt_control/funnel_drive_sim_path.py -> /home/tripan/f1tenthsim_ws/f1tenth/install/stt_control/lib/python3.10/site-packages/stt_control
[0.879s] copying /home/tripan/f1tenthsim_ws/f1tenth/build/stt_control/build/lib/stt_control/track_traj_to_stt.py -> /home/tripan/f1tenthsim_ws/f1tenth/install/stt_control/lib/python3.10/site-packages/stt_control
[0.879s] byte-compiling /home/tripan/f1tenthsim_ws/f1tenth/install/stt_control/lib/python3.10/site-packages/stt_control/bag_to_csv.py to bag_to_csv.cpython-310.pyc
[0.879s] byte-compiling /home/tripan/f1tenthsim_ws/f1tenth/install/stt_control/lib/python3.10/site-packages/stt_control/funnel_drive.py to funnel_drive.cpython-310.pyc
[0.881s] byte-compiling /home/tripan/f1tenthsim_ws/f1tenth/install/stt_control/lib/python3.10/site-packages/stt_control/funnel_drive_sim_path.py to funnel_drive_sim_path.cpython-310.pyc
[0.882s] byte-compiling /home/tripan/f1tenthsim_ws/f1tenth/install/stt_control/lib/python3.10/site-packages/stt_control/track_traj_to_stt.py to track_traj_to_stt.cpython-310.pyc
[0.882s] running install_data
[0.882s] running install_egg_info
[0.883s] removing '/home/tripan/f1tenthsim_ws/f1tenth/install/stt_control/lib/python3.10/site-packages/stt_control-0.0.0-py3.10.egg-info' (and everything under it)
[0.884s] Copying ../../build/stt_control/stt_control.egg-info to /home/tripan/f1tenthsim_ws/f1tenth/install/stt_control/lib/python3.10/site-packages/stt_control-0.0.0-py3.10.egg-info
[0.884s] running install_scripts
[0.897s] Installing bag_to_csv_node script to /home/tripan/f1tenthsim_ws/f1tenth/install/stt_control/lib/stt_control
[0.897s] Installing funnel_drive script to /home/tripan/f1tenthsim_ws/f1tenth/install/stt_control/lib/stt_control
[0.898s] writing list of installed files to '/home/tripan/f1tenthsim_ws/f1tenth/build/stt_control/install.log'
[0.929s] Invoked command in '/home/tripan/f1tenthsim_ws/f1tenth/src/stt_control' returned '0': PYTHONPATH=/home/tripan/f1tenthsim_ws/f1tenth/build/stt_control/prefix_override:/usr/lib/python3/dist-packages/colcon_core/task/python/colcon_distutils_commands:/home/tripan/f1tenthsim_ws/f1tenth/install/stt_control/lib/python3.10/site-packages:${PYTHONPATH} /usr/bin/python3 -W ignore:setup.py install is deprecated -W ignore:easy_install command is deprecated setup.py egg_info --egg-base ../../build/stt_control build --build-base /home/tripan/f1tenthsim_ws/f1tenth/build/stt_control/build install --record /home/tripan/f1tenthsim_ws/f1tenth/build/stt_control/install.log --single-version-externally-managed install_data
