[0.680s] Invoking command in '/home/tripan/f1tenthsim_ws/f1tenth/src/stt_control': PYTHONPATH=/home/tripan/f1tenthsim_ws/f1tenth/build/stt_control/prefix_override:/usr/lib/python3/dist-packages/colcon_core/task/python/colcon_distutils_commands:/home/tripan/f1tenthsim_ws/f1tenth/install/stt_control/lib/python3.10/site-packages:${PYTHONPATH} /usr/bin/python3 -W ignore:setup.py install is deprecated -W ignore:easy_install command is deprecated setup.py egg_info --egg-base ../../build/stt_control build --build-base /home/tripan/f1tenthsim_ws/f1tenth/build/stt_control/build install --record /home/tripan/f1tenthsim_ws/f1tenth/build/stt_control/install.log --single-version-externally-managed install_data
[0.878s] running egg_info
[0.878s] writing ../../build/stt_control/stt_control.egg-info/PKG-INFO
[0.879s] writing dependency_links to ../../build/stt_control/stt_control.egg-info/dependency_links.txt
[0.879s] writing entry points to ../../build/stt_control/stt_control.egg-info/entry_points.txt
[0.879s] writing requirements to ../../build/stt_control/stt_control.egg-info/requires.txt
[0.879s] writing top-level names to ../../build/stt_control/stt_control.egg-info/top_level.txt
[0.880s] reading manifest file '../../build/stt_control/stt_control.egg-info/SOURCES.txt'
[0.881s] writing manifest file '../../build/stt_control/stt_control.egg-info/SOURCES.txt'
[0.881s] running build
[0.881s] running build_py
[0.881s] copying stt_control/bag_to_csv.py -> /home/tripan/f1tenthsim_ws/f1tenth/build/stt_control/build/lib/stt_control
[0.881s] running install
[0.882s] running install_lib
[0.882s] copying /home/tripan/f1tenthsim_ws/f1tenth/build/stt_control/build/lib/stt_control/bag_to_csv.py -> /home/tripan/f1tenthsim_ws/f1tenth/install/stt_control/lib/python3.10/site-packages/stt_control
[0.883s] byte-compiling /home/tripan/f1tenthsim_ws/f1tenth/install/stt_control/lib/python3.10/site-packages/stt_control/bag_to_csv.py to bag_to_csv.cpython-310.pyc
[0.883s] running install_data
[0.883s] running install_egg_info
[0.884s] removing '/home/tripan/f1tenthsim_ws/f1tenth/install/stt_control/lib/python3.10/site-packages/stt_control-0.0.0-py3.10.egg-info' (and everything under it)
[0.885s] Copying ../../build/stt_control/stt_control.egg-info to /home/tripan/f1tenthsim_ws/f1tenth/install/stt_control/lib/python3.10/site-packages/stt_control-0.0.0-py3.10.egg-info
[0.885s] running install_scripts
[0.900s] Installing bag_to_csv_node script to /home/tripan/f1tenthsim_ws/f1tenth/install/stt_control/lib/stt_control
[0.901s] Installing funnel_drive script to /home/tripan/f1tenthsim_ws/f1tenth/install/stt_control/lib/stt_control
[0.901s] writing list of installed files to '/home/tripan/f1tenthsim_ws/f1tenth/build/stt_control/install.log'
[0.924s] Invoked command in '/home/tripan/f1tenthsim_ws/f1tenth/src/stt_control' returned '0': PYTHONPATH=/home/tripan/f1tenthsim_ws/f1tenth/build/stt_control/prefix_override:/usr/lib/python3/dist-packages/colcon_core/task/python/colcon_distutils_commands:/home/tripan/f1tenthsim_ws/f1tenth/install/stt_control/lib/python3.10/site-packages:${PYTHONPATH} /usr/bin/python3 -W ignore:setup.py install is deprecated -W ignore:easy_install command is deprecated setup.py egg_info --egg-base ../../build/stt_control build --build-base /home/tripan/f1tenthsim_ws/f1tenth/build/stt_control/build install --record /home/tripan/f1tenthsim_ws/f1tenth/build/stt_control/install.log --single-version-externally-managed install_data
