[2.153s] Invoking command in '/home/tripan/f1tenthsim_ws/f1tenth/src/stt_control': PYTHONPATH=/home/tripan/f1tenthsim_ws/f1tenth/build/stt_control/prefix_override:/usr/lib/python3/dist-packages/colcon_core/task/python/colcon_distutils_commands:/home/tripan/f1tenthsim_ws/f1tenth/install/stt_control/lib/python3.10/site-packages:${PYTHONPATH} /usr/bin/python3 -W ignore:setup.py install is deprecated -W ignore:easy_install command is deprecated setup.py egg_info --egg-base ../../build/stt_control build --build-base /home/tripan/f1tenthsim_ws/f1tenth/build/stt_control/build install --record /home/tripan/f1tenthsim_ws/f1tenth/build/stt_control/install.log --single-version-externally-managed install_data
[2.767s] running egg_info
[2.769s] writing ../../build/stt_control/stt_control.egg-info/PKG-INFO
[2.770s] writing dependency_links to ../../build/stt_control/stt_control.egg-info/dependency_links.txt
[2.770s] writing entry points to ../../build/stt_control/stt_control.egg-info/entry_points.txt
[2.771s] writing requirements to ../../build/stt_control/stt_control.egg-info/requires.txt
[2.771s] writing top-level names to ../../build/stt_control/stt_control.egg-info/top_level.txt
[2.775s] reading manifest file '../../build/stt_control/stt_control.egg-info/SOURCES.txt'
[2.777s] writing manifest file '../../build/stt_control/stt_control.egg-info/SOURCES.txt'
[2.778s] running build
[2.778s] running build_py
[2.778s] copying stt_control/funnel_drive.py -> /home/tripan/f1tenthsim_ws/f1tenth/build/stt_control/build/lib/stt_control
[2.779s] running install
[2.780s] running install_lib
[2.782s] copying /home/tripan/f1tenthsim_ws/f1tenth/build/stt_control/build/lib/stt_control/funnel_drive.py -> /home/tripan/f1tenthsim_ws/f1tenth/install/stt_control/lib/python3.10/site-packages/stt_control
[2.783s] byte-compiling /home/tripan/f1tenthsim_ws/f1tenth/install/stt_control/lib/python3.10/site-packages/stt_control/funnel_drive.py to funnel_drive.cpython-310.pyc
[2.789s] running install_data
[2.789s] running install_egg_info
[2.793s] removing '/home/tripan/f1tenthsim_ws/f1tenth/install/stt_control/lib/python3.10/site-packages/stt_control-0.0.0-py3.10.egg-info' (and everything under it)
[2.794s] Copying ../../build/stt_control/stt_control.egg-info to /home/tripan/f1tenthsim_ws/f1tenth/install/stt_control/lib/python3.10/site-packages/stt_control-0.0.0-py3.10.egg-info
[2.796s] running install_scripts
[2.839s] Installing bag_to_csv_node script to /home/tripan/f1tenthsim_ws/f1tenth/install/stt_control/lib/stt_control
[2.840s] Installing funnel_drive script to /home/tripan/f1tenthsim_ws/f1tenth/install/stt_control/lib/stt_control
[2.841s] writing list of installed files to '/home/tripan/f1tenthsim_ws/f1tenth/build/stt_control/install.log'
[2.892s] Invoked command in '/home/tripan/f1tenthsim_ws/f1tenth/src/stt_control' returned '0': PYTHONPATH=/home/tripan/f1tenthsim_ws/f1tenth/build/stt_control/prefix_override:/usr/lib/python3/dist-packages/colcon_core/task/python/colcon_distutils_commands:/home/tripan/f1tenthsim_ws/f1tenth/install/stt_control/lib/python3.10/site-packages:${PYTHONPATH} /usr/bin/python3 -W ignore:setup.py install is deprecated -W ignore:easy_install command is deprecated setup.py egg_info --egg-base ../../build/stt_control build --build-base /home/tripan/f1tenthsim_ws/f1tenth/build/stt_control/build install --record /home/tripan/f1tenthsim_ws/f1tenth/build/stt_control/install.log --single-version-externally-managed install_data
