running egg_info
writing ../../build/stt_control/stt_control.egg-info/PKG-INFO
writing dependency_links to ../../build/stt_control/stt_control.egg-info/dependency_links.txt
writing entry points to ../../build/stt_control/stt_control.egg-info/entry_points.txt
writing requirements to ../../build/stt_control/stt_control.egg-info/requires.txt
writing top-level names to ../../build/stt_control/stt_control.egg-info/top_level.txt
reading manifest file '../../build/stt_control/stt_control.egg-info/SOURCES.txt'
writing manifest file '../../build/stt_control/stt_control.egg-info/SOURCES.txt'
running build
running build_py
copying stt_control/funnel_drive.py -> /home/tripan/f1tenthsim_ws/f1tenth/build/stt_control/build/lib/stt_control
copying stt_control/__init__.py -> /home/tripan/f1tenthsim_ws/f1tenth/build/stt_control/build/lib/stt_control
running install
running install_lib
copying /home/tripan/f1tenthsim_ws/f1tenth/build/stt_control/build/lib/stt_control/funnel_drive.py -> /home/tripan/f1tenthsim_ws/f1tenth/install/stt_control/lib/python3.10/site-packages/stt_control
copying /home/tripan/f1tenthsim_ws/f1tenth/build/stt_control/build/lib/stt_control/__init__.py -> /home/tripan/f1tenthsim_ws/f1tenth/install/stt_control/lib/python3.10/site-packages/stt_control
byte-compiling /home/tripan/f1tenthsim_ws/f1tenth/install/stt_control/lib/python3.10/site-packages/stt_control/funnel_drive.py to funnel_drive.cpython-310.pyc
byte-compiling /home/tripan/f1tenthsim_ws/f1tenth/install/stt_control/lib/python3.10/site-packages/stt_control/__init__.py to __init__.cpython-310.pyc
running install_data
copying resource/stt_control -> /home/tripan/f1tenthsim_ws/f1tenth/install/stt_control/share/ament_index/resource_index/packages
copying package.xml -> /home/tripan/f1tenthsim_ws/f1tenth/install/stt_control/share/stt_control
running install_egg_info
removing '/home/tripan/f1tenthsim_ws/f1tenth/install/stt_control/lib/python3.10/site-packages/stt_control-0.0.0-py3.10.egg-info' (and everything under it)
Copying ../../build/stt_control/stt_control.egg-info to /home/tripan/f1tenthsim_ws/f1tenth/install/stt_control/lib/python3.10/site-packages/stt_control-0.0.0-py3.10.egg-info
running install_scripts
Installing funnel_drive script to /home/tripan/f1tenthsim_ws/f1tenth/install/stt_control/lib/stt_control
writing list of installed files to '/home/tripan/f1tenthsim_ws/f1tenth/build/stt_control/install.log'
