[0.694s] Invoking command in '/home/tripan/f1tenthsim_ws/f1tenth/src/stt_control': PYTHONPATH=/home/tripan/f1tenthsim_ws/f1tenth/build/stt_control/prefix_override:/usr/lib/python3/dist-packages/colcon_core/task/python/colcon_distutils_commands:/home/tripan/f1tenthsim_ws/f1tenth/install/stt_control/lib/python3.10/site-packages:${PYTHONPATH} /usr/bin/python3 -W ignore:setup.py install is deprecated -W ignore:easy_install command is deprecated setup.py egg_info --egg-base ../../build/stt_control build --build-base /home/tripan/f1tenthsim_ws/f1tenth/build/stt_control/build install --record /home/tripan/f1tenthsim_ws/f1tenth/build/stt_control/install.log --single-version-externally-managed install_data
[0.887s] running egg_info
[0.887s] writing ../../build/stt_control/stt_control.egg-info/PKG-INFO
[0.887s] writing dependency_links to ../../build/stt_control/stt_control.egg-info/dependency_links.txt
[0.887s] writing entry points to ../../build/stt_control/stt_control.egg-info/entry_points.txt
[0.888s] writing requirements to ../../build/stt_control/stt_control.egg-info/requires.txt
[0.888s] writing top-level names to ../../build/stt_control/stt_control.egg-info/top_level.txt
[0.889s] reading manifest file '../../build/stt_control/stt_control.egg-info/SOURCES.txt'
[0.889s] writing manifest file '../../build/stt_control/stt_control.egg-info/SOURCES.txt'
[0.890s] running build
[0.890s] running build_py
[0.890s] copying stt_control/funnel_drive.py -> /home/tripan/f1tenthsim_ws/f1tenth/build/stt_control/build/lib/stt_control
[0.890s] copying stt_control/__init__.py -> /home/tripan/f1tenthsim_ws/f1tenth/build/stt_control/build/lib/stt_control
[0.890s] running install
[0.890s] running install_lib
[0.891s] copying /home/tripan/f1tenthsim_ws/f1tenth/build/stt_control/build/lib/stt_control/funnel_drive.py -> /home/tripan/f1tenthsim_ws/f1tenth/install/stt_control/lib/python3.10/site-packages/stt_control
[0.891s] copying /home/tripan/f1tenthsim_ws/f1tenth/build/stt_control/build/lib/stt_control/__init__.py -> /home/tripan/f1tenthsim_ws/f1tenth/install/stt_control/lib/python3.10/site-packages/stt_control
[0.891s] byte-compiling /home/tripan/f1tenthsim_ws/f1tenth/install/stt_control/lib/python3.10/site-packages/stt_control/funnel_drive.py to funnel_drive.cpython-310.pyc
[0.893s] byte-compiling /home/tripan/f1tenthsim_ws/f1tenth/install/stt_control/lib/python3.10/site-packages/stt_control/__init__.py to __init__.cpython-310.pyc
[0.893s] running install_data
[0.893s] copying resource/stt_control -> /home/tripan/f1tenthsim_ws/f1tenth/install/stt_control/share/ament_index/resource_index/packages
[0.893s] copying package.xml -> /home/tripan/f1tenthsim_ws/f1tenth/install/stt_control/share/stt_control
[0.893s] running install_egg_info
[0.894s] removing '/home/tripan/f1tenthsim_ws/f1tenth/install/stt_control/lib/python3.10/site-packages/stt_control-0.0.0-py3.10.egg-info' (and everything under it)
[0.894s] Copying ../../build/stt_control/stt_control.egg-info to /home/tripan/f1tenthsim_ws/f1tenth/install/stt_control/lib/python3.10/site-packages/stt_control-0.0.0-py3.10.egg-info
[0.895s] running install_scripts
[0.909s] Installing funnel_drive script to /home/tripan/f1tenthsim_ws/f1tenth/install/stt_control/lib/stt_control
[0.909s] writing list of installed files to '/home/tripan/f1tenthsim_ws/f1tenth/build/stt_control/install.log'
[0.932s] Invoked command in '/home/tripan/f1tenthsim_ws/f1tenth/src/stt_control' returned '0': PYTHONPATH=/home/tripan/f1tenthsim_ws/f1tenth/build/stt_control/prefix_override:/usr/lib/python3/dist-packages/colcon_core/task/python/colcon_distutils_commands:/home/tripan/f1tenthsim_ws/f1tenth/install/stt_control/lib/python3.10/site-packages:${PYTHONPATH} /usr/bin/python3 -W ignore:setup.py install is deprecated -W ignore:easy_install command is deprecated setup.py egg_info --egg-base ../../build/stt_control build --build-base /home/tripan/f1tenthsim_ws/f1tenth/build/stt_control/build install --record /home/tripan/f1tenthsim_ws/f1tenth/build/stt_control/install.log --single-version-externally-managed install_data
