[2.183s] Invoking command in '/home/tripan/f1tenthsim_ws/f1tenth/src/f1tenth_gym_ros': PYTHONPATH=/home/tripan/f1tenthsim_ws/f1tenth/build/f1tenth_gym_ros/prefix_override:/usr/lib/python3/dist-packages/colcon_core/task/python/colcon_distutils_commands:/home/tripan/f1tenthsim_ws/f1tenth/install/f1tenth_gym_ros/lib/python3.10/site-packages:${PYTHONPATH} /usr/bin/python3 -W ignore:setup.py install is deprecated -W ignore:easy_install command is deprecated setup.py egg_info --egg-base ../../build/f1tenth_gym_ros build --build-base /home/tripan/f1tenthsim_ws/f1tenth/build/f1tenth_gym_ros/build install --record /home/tripan/f1tenthsim_ws/f1tenth/build/f1tenth_gym_ros/install.log --single-version-externally-managed install_data
[2.804s] running egg_info
[2.806s] writing ../../build/f1tenth_gym_ros/f1tenth_gym_ros.egg-info/PKG-INFO
[2.806s] writing dependency_links to ../../build/f1tenth_gym_ros/f1tenth_gym_ros.egg-info/dependency_links.txt
[2.807s] writing entry points to ../../build/f1tenth_gym_ros/f1tenth_gym_ros.egg-info/entry_points.txt
[2.807s] writing requirements to ../../build/f1tenth_gym_ros/f1tenth_gym_ros.egg-info/requires.txt
[2.807s] writing top-level names to ../../build/f1tenth_gym_ros/f1tenth_gym_ros.egg-info/top_level.txt
[2.811s] reading manifest file '../../build/f1tenth_gym_ros/f1tenth_gym_ros.egg-info/SOURCES.txt'
[2.812s] adding license file 'LICENSE'
[2.814s] writing manifest file '../../build/f1tenth_gym_ros/f1tenth_gym_ros.egg-info/SOURCES.txt'
[2.814s] running build
[2.814s] running build_py
[2.814s] running install
[2.815s] running install_lib
[2.818s] running install_data
[2.818s] running install_egg_info
[2.822s] removing '/home/tripan/f1tenthsim_ws/f1tenth/install/f1tenth_gym_ros/lib/python3.10/site-packages/f1tenth_gym_ros-0.0.0-py3.10.egg-info' (and everything under it)
[2.823s] Copying ../../build/f1tenth_gym_ros/f1tenth_gym_ros.egg-info to /home/tripan/f1tenthsim_ws/f1tenth/install/f1tenth_gym_ros/lib/python3.10/site-packages/f1tenth_gym_ros-0.0.0-py3.10.egg-info
[2.825s] running install_scripts
[2.869s] Installing gym_bridge script to /home/tripan/f1tenthsim_ws/f1tenth/install/f1tenth_gym_ros/lib/f1tenth_gym_ros
[2.870s] writing list of installed files to '/home/tripan/f1tenthsim_ws/f1tenth/build/f1tenth_gym_ros/install.log'
[2.938s] Invoked command in '/home/tripan/f1tenthsim_ws/f1tenth/src/f1tenth_gym_ros' returned '0': PYTHONPATH=/home/tripan/f1tenthsim_ws/f1tenth/build/f1tenth_gym_ros/prefix_override:/usr/lib/python3/dist-packages/colcon_core/task/python/colcon_distutils_commands:/home/tripan/f1tenthsim_ws/f1tenth/install/f1tenth_gym_ros/lib/python3.10/site-packages:${PYTHONPATH} /usr/bin/python3 -W ignore:setup.py install is deprecated -W ignore:easy_install command is deprecated setup.py egg_info --egg-base ../../build/f1tenth_gym_ros build --build-base /home/tripan/f1tenthsim_ws/f1tenth/build/f1tenth_gym_ros/build install --record /home/tripan/f1tenthsim_ws/f1tenth/build/f1tenth_gym_ros/install.log --single-version-externally-managed install_data
